<?xml version="1.0" encoding="utf-8"?><testsuites name="pytest tests"><testsuite name="pytest" errors="0" failures="0" skipped="0" tests="21" time="0.630" timestamp="2026-07-28T10:31:10.922487-03:00" hostname="DESKTOP-NU6CT1J"><testcase classname="tests.channels.conformance.fake-adapter.test_fake_channel_adapter" name="test_manifest_is_closed_fixture_only_and_schema_valid" time="0.002" /><testcase classname="tests.channels.conformance.fake-adapter.test_fake_channel_adapter" name="test_request_and_prepared_contract_schemas_are_closed" time="0.034" /><testcase classname="tests.channels.conformance.fake-adapter.test_fake_channel_adapter" name="test_unknown_version_and_capability_fail_closed[protocol_version-0.2.0-unsupported_version]" time="0.000" /><testcase classname="tests.channels.conformance.fake-adapter.test_fake_channel_adapter" name="test_unknown_version_and_capability_fail_closed[capability_id-foundry.channels.fixture.unknown.v0-unsupported_capability]" time="0.000" /><testcase classname="tests.channels.conformance.fake-adapter.test_fake_channel_adapter" name="test_preparation_is_deterministic_and_does_not_choose_economic_fields" time="0.019" /><testcase classname="tests.channels.conformance.fake-adapter.test_fake_channel_adapter" name="test_same_request_id_with_different_bytes_is_idempotency_conflict" time="0.018" /><testcase classname="tests.channels.conformance.fake-adapter.test_fake_channel_adapter" name="test_authorization_rejection_and_exact_byte_tampering_are_observable" time="0.019" /><testcase classname="tests.channels.conformance.fake-adapter.test_fake_channel_adapter" name="test_definitive_pre_submission_failure_has_no_submit_intent" time="0.030" /><testcase classname="tests.channels.conformance.fake-adapter.test_fake_channel_adapter" name="test_authorized_and_submitted_are_distinct_durable_states" time="0.028" /><testcase classname="tests.channels.conformance.fake-adapter.test_fake_channel_adapter" name="test_technical_confirmation_is_not_reconciliation" time="0.031" /><testcase classname="tests.channels.conformance.fake-adapter.test_fake_channel_adapter" name="test_reconciliation_outcomes_are_not_collapsed[matched-reconciled]" time="0.034" /><testcase classname="tests.channels.conformance.fake-adapter.test_fake_channel_adapter" name="test_reconciliation_outcomes_are_not_collapsed[mismatch-needs_review]" time="0.034" /><testcase classname="tests.channels.conformance.fake-adapter.test_fake_channel_adapter" name="test_reconciliation_outcomes_are_not_collapsed[divergent-disputed]" time="0.034" /><testcase classname="tests.channels.conformance.fake-adapter.test_fake_channel_adapter" name="test_receipt_incompatible_with_request_rejects" time="0.030" /><testcase classname="tests.channels.conformance.fake-adapter.test_fake_channel_adapter" name="test_provider_identifiers_match_the_closed_schema[provider with spaces]" time="0.029" /><testcase classname="tests.channels.conformance.fake-adapter.test_fake_channel_adapter" name="test_provider_identifiers_match_the_closed_schema[ppppppppppppppppppppppppppppppppppppppppppppppppppppppppppppppppppppppppppppppppppppppppppppppppppppppppppppppppppppppppppppppppp]" time="0.030" /><testcase classname="tests.channels.conformance.fake-adapter.test_fake_channel_adapter" name="test_lost_response_restart_recovery_never_submits_twice" time="0.037" /><testcase classname="tests.channels.conformance.fake-adapter.test_fake_channel_adapter" name="test_inconclusive_recovery_is_repeatable_and_remains_needs_recovery" time="0.030" /><testcase classname="tests.channels.conformance.fake-adapter.test_fake_channel_adapter" name="test_authorization_replay_fails_closed" time="0.032" /><testcase classname="tests.channels.conformance.fake-adapter.test_fake_channel_adapter" name="test_two_concurrent_submissions_create_one_controlled_attempt" time="0.051" /><testcase classname="tests.channels.conformance.fake-adapter.test_fake_channel_adapter" name="test_no_module_imports_solana_wallet_signer_rpc_or_idl" time="0.001" /></testsuite></testsuites>