<?xml version="1.0" encoding="utf-8"?><testsuites name="pytest tests"><testsuite name="pytest" errors="0" failures="0" skipped="11" tests="195" time="4.244" timestamp="2026-07-24T20:12:07.487842-03:00" hostname="DESKTOP-NU6CT1J"><testcase classname="tests.authorization.test_execution_authority" name="test_live_commitment_is_verified_and_authorized" time="0.047" /><testcase classname="tests.authorization.test_execution_authority" name="test_any_changed_message_byte_is_rejected" time="0.018" /><testcase classname="tests.authorization.test_execution_authority" name="test_authoritative_signer_fee_and_program_cannot_be_broadened[signer-11111111111111111111111111111111-signer does not match]" time="0.017" /><testcase classname="tests.authorization.test_execution_authority" name="test_authoritative_signer_fee_and_program_cannot_be_broadened[max_fee_lamports-50001-constraints do not match]" time="0.016" /><testcase classname="tests.authorization.test_execution_authority" name="test_authoritative_signer_fee_and_program_cannot_be_broadened[allowed_programs-value2-constraints do not match]" time="0.016" /><testcase classname="tests.authorization.test_execution_authority" name="test_commitment_cannot_be_rebound_to_another_obligation" time="0.017" /><testcase classname="tests.authorization.test_execution_authority" name="test_request_and_executor_must_match_foundry_authority" time="0.018" /><testcase classname="tests.authorization.test_execution_authority" name="test_simulation_tampering_and_failure_are_rejected" time="0.017" /><testcase classname="tests.authorization.test_execution_authority" name="test_expired_authority_inputs_are_rejected[plan]" time="0.018" /><testcase classname="tests.authorization.test_execution_authority" name="test_expired_authority_inputs_are_rejected[simulation]" time="0.017" /><testcase classname="tests.authorization.test_execution_authority" name="test_expired_authority_inputs_are_rejected[prepared]" time="0.024" /><testcase classname="tests.authorization.test_execution_authority" name="test_authorization_never_outlives_prepared_execution" time="0.023" /><testcase classname="tests.authorization.test_execution_authority" name="test_identical_issue_is_idempotent_but_second_active_grant_conflicts" time="0.025" /><testcase classname="tests.authorization.test_execution_authority" name="test_concurrent_issue_creates_only_one_active_authorization" time="0.039" /><testcase classname="tests.authorization.test_execution_authority" name="test_consumption_and_replay_survive_process_restart" time="0.030" /><testcase classname="tests.authorization.test_execution_authority" name="test_expired_authorization_cannot_be_consumed" time="0.029" /><testcase classname="tests.authorization.test_execution_authority" name="test_service_has_no_solana_key_or_broadcast_capability" time="0.001" /><testcase classname="tests.channels.test_channel" name="test_channel_after_funding_derives_conservation" time="0.001" /><testcase classname="tests.channels.test_channel" name="test_reference_40_usdc_settled_projection" time="0.001" /><testcase classname="tests.channels.test_channel" name="test_partial_settlement_projection" time="0.001" /><testcase classname="tests.channels.test_channel" name="test_valid_funding_transition" time="0.001" /><testcase classname="tests.channels.test_channel" name="test_valid_active_top_up_preserves_accounting" time="0.001" /><testcase classname="tests.channels.test_channel" name="test_malformed_channel_fields_reject[funded_total_base_units-100-invalid_amount]" time="0.001" /><testcase classname="tests.channels.test_channel" name="test_malformed_channel_fields_reject[funded_total_base_units-0100-invalid_amount]" time="0.001" /><testcase classname="tests.channels.test_channel" name="test_malformed_channel_fields_reject[funded_total_base_units--1-invalid_amount]" time="0.001" /><testcase classname="tests.channels.test_channel" name="test_malformed_channel_fields_reject[settled_total_base_units-1.5-invalid_amount]" time="0.001" /><testcase classname="tests.channels.test_channel" name="test_malformed_channel_fields_reject[latest_activated_sequence-True-invalid_integer]" time="0.001" /><testcase classname="tests.channels.test_channel" name="test_malformed_channel_fields_reject[latest_activated_voucher_hash-SHA256:0000000000000000000000000000000000000000000000000000000000000000-invalid_hash]" time="0.001" /><testcase classname="tests.channels.test_channel" name="test_malformed_channel_fields_reject[environment-mainnet-invalid_literal]" time="0.001" /><testcase classname="tests.channels.test_channel" name="test_malformed_channel_fields_reject[network-solana:mainnet-invalid_literal]" time="0.003" /><testcase classname="tests.channels.test_channel" name="test_unknown_field_rejects" time="0.001" /><testcase classname="tests.channels.test_channel" name="test_missing_field_rejects" time="0.001" /><testcase classname="tests.channels.test_channel" name="test_accounting_violations_reject[100000001-0-0-200000000-authorization_exceeds_capacity]" time="0.001" /><testcase classname="tests.channels.test_channel" name="test_accounting_violations_reject[40000000-40000001-0-100000000-settlement_exceeds_authorization]" time="0.001" /><testcase classname="tests.channels.test_channel" name="test_accounting_violations_reject[0-0-100000001-100000000-refund_exceeds_funding]" time="0.001" /><testcase classname="tests.channels.test_channel" name="test_accounting_violations_reject[40000000-0-70000000-100000000-authorization_exceeds_capacity]" time="0.001" /><testcase classname="tests.channels.test_channel" name="test_accounting_violations_reject[40000000-0-0-39999999-authorization_exceeds_policy]" time="0.001" /><testcase classname="tests.channels.test_channel" name="test_activation_sequence_and_total_must_agree[0-1]" time="0.001" /><testcase classname="tests.channels.test_channel" name="test_activation_sequence_and_total_must_agree[1-0]" time="0.001" /><testcase classname="tests.channels.test_channel" name="test_policy_must_belong_to_channel" time="0.001" /><testcase classname="tests.channels.test_channel" name="test_draft_requires_zero_accounting[funded_total_base_units-1]" time="0.001" /><testcase classname="tests.channels.test_channel" name="test_draft_requires_zero_accounting[activated_authorized_total_base_units-1]" time="0.001" /><testcase classname="tests.channels.test_channel" name="test_draft_requires_zero_accounting[settled_total_base_units-1]" time="0.001" /><testcase classname="tests.channels.test_channel" name="test_draft_requires_zero_accounting[refunded_total_base_units-1]" time="0.001" /><testcase classname="tests.channels.test_channel" name="test_funding_state_rejects_allocated_accounting[activated_authorized_total_base_units-1]" time="0.001" /><testcase classname="tests.channels.test_channel" name="test_funding_state_rejects_allocated_accounting[settled_total_base_units-1]" time="0.001" /><testcase classname="tests.channels.test_channel" name="test_funding_state_rejects_allocated_accounting[refunded_total_base_units-1]" time="0.001" /><testcase classname="tests.channels.test_channel" name="test_active_requires_positive_funding" time="0.001" /><testcase classname="tests.channels.test_channel" name="test_closing_requires_both_timestamps" time="0.001" /><testcase classname="tests.channels.test_channel" name="test_closing_enforces_minimum_claim_window" time="0.001" /><testcase classname="tests.channels.test_channel" name="test_active_channel_cannot_carry_close_timestamps" time="0.001" /><testcase classname="tests.channels.test_channel" name="test_closed_channel_requires_close_timestamps" time="0.000" /><testcase classname="tests.channels.test_channel" name="test_closing_request_cannot_follow_snapshot_update" time="0.001" /><testcase classname="tests.channels.test_channel" name="test_closed_rejects_outstanding_right" time="0.001" /><testcase classname="tests.channels.test_channel" name="test_closed_rejects_nonzero_vault" time="0.001" /><testcase classname="tests.channels.test_channel" name="test_closed_finalization_cannot_precede_deadline" time="0.001" /><testcase classname="tests.channels.test_channel" name="test_valid_closed_snapshot_has_zero_vault_and_no_outstanding_right" time="0.001" /><testcase classname="tests.channels.test_channel" name="test_valid_closing_snapshot_preserves_rights" time="0.001" /><testcase classname="tests.channels.test_channel" name="test_inconsistent_funding_rejects[mutation0-zero_funding]" time="0.001" /><testcase classname="tests.channels.test_channel" name="test_inconsistent_funding_rejects[mutation1-funding_total_mismatch]" time="0.001" /><testcase classname="tests.channels.test_channel" name="test_inconsistent_funding_rejects[mutation2-funding_identity_mismatch]" time="0.001" /><testcase classname="tests.channels.test_channel" name="test_inconsistent_funding_rejects[mutation3-funding_identity_mismatch]" time="0.001" /><testcase classname="tests.channels.test_channel" name="test_inconsistent_funding_rejects[mutation4-funding_time_order_invalid]" time="0.001" /><testcase classname="tests.channels.test_channel" name="test_inconsistent_funding_rejects[mutation5-invalid_transaction_signature]" time="0.001" /><testcase classname="tests.channels.test_channel" name="test_funding_rejects_forbidden_previous_lifecycle[draft]" time="0.001" /><testcase classname="tests.channels.test_channel" name="test_funding_rejects_forbidden_previous_lifecycle[closing]" time="0.001" /><testcase classname="tests.channels.test_channel" name="test_funding_rejects_forbidden_previous_lifecycle[closed]" time="0.001" /><testcase classname="tests.channels.test_channel" name="test_funding_rejects_forbidden_previous_lifecycle[expired]" time="0.001" /><testcase classname="tests.channels.test_channel" name="test_top_up_rejects_immutable_field_mutation[environment-other-invalid_literal]" time="0.001" /><testcase classname="tests.channels.test_channel" name="test_top_up_rejects_immutable_field_mutation[network-solana:other-invalid_literal]" time="0.001" /><testcase classname="tests.channels.test_channel" name="test_top_up_rejects_immutable_field_mutation[genesis_hash-11111111111111111111111111111111-funding_immutable_field_changed]" time="0.001" /><testcase classname="tests.channels.test_channel" name="test_top_up_rejects_immutable_field_mutation[program_id-11111111111111111111111111111111-funding_immutable_field_changed]" time="0.001" /><testcase classname="tests.channels.test_channel" name="test_top_up_rejects_immutable_field_mutation[channel_id-other_channel-policy_channel_mismatch]" time="0.001" /><testcase classname="tests.channels.test_channel" name="test_top_up_rejects_immutable_field_mutation[channel_account-11111111111111111111111111111111-funding_identity_mismatch]" time="0.001" /><testcase classname="tests.channels.test_channel" name="test_top_up_rejects_immutable_field_mutation[epoch-1-funding_immutable_field_changed]" time="0.001" /><testcase classname="tests.channels.test_channel" name="test_top_up_rejects_immutable_field_mutation[sender-11111111111111111111111111111111-funding_immutable_field_changed]" time="0.001" /><testcase classname="tests.channels.test_channel" name="test_top_up_rejects_immutable_field_mutation[recipient_claim_pubkey-11111111111111111111111111111111-funding_immutable_field_changed]" time="0.001" /><testcase classname="tests.channels.test_channel" name="test_top_up_rejects_immutable_field_mutation[recipient_wallet-11111111111111111111111111111111-funding_immutable_field_changed]" time="0.001" /><testcase classname="tests.channels.test_channel" name="test_top_up_rejects_immutable_field_mutation[mint-11111111111111111111111111111111-funding_identity_mismatch]" time="0.001" /><testcase classname="tests.channels.test_channel" name="test_top_up_rejects_immutable_field_mutation[decimals-9-funding_immutable_field_changed]" time="0.001" /><testcase classname="tests.channels.test_channel" name="test_top_up_rejects_immutable_field_mutation[vault_token_account-9zsJvRFTxAG5sBuXhjMDZkgWb9oqQbK8gDywo7mUMNKb-funding_immutable_field_changed]" time="0.001" /><testcase classname="tests.channels.test_channel" name="test_top_up_rejects_immutable_field_mutation[activated_authorized_total_base_units-41000000-funding_immutable_field_changed]" time="0.001" /><testcase classname="tests.channels.test_channel" name="test_top_up_rejects_immutable_field_mutation[settled_total_base_units-16000000-funding_immutable_field_changed]" time="0.001" /><testcase classname="tests.channels.test_channel" name="test_top_up_rejects_immutable_field_mutation[refunded_total_base_units-1-funding_immutable_field_changed]" time="0.001" /><testcase classname="tests.channels.test_channel" name="test_top_up_rejects_immutable_field_mutation[latest_activated_sequence-4-funding_immutable_field_changed]" time="0.001" /><testcase classname="tests.channels.test_channel" name="test_top_up_rejects_immutable_field_mutation[latest_activated_voucher_hash-sha256:1111111111111111111111111111111111111111111111111111111111111111-funding_immutable_field_changed]" time="0.001" /><testcase classname="tests.channels.test_channel" name="test_top_up_rejects_immutable_field_mutation[expires_at-2026-08-04T00:00:00Z-funding_immutable_field_changed]" time="0.001" /><testcase classname="tests.channels.test_channel" name="test_top_up_rejects_immutable_field_mutation[created_at-2026-07-31T00:00:00Z-funding_immutable_field_changed]" time="0.001" /><testcase classname="tests.channels.test_channel" name="test_top_up_rejects_policy_mutation" time="0.001" /><testcase classname="tests.channels.test_channel" name="test_top_up_requires_prior_policy_permission" time="0.001" /><testcase classname="tests.channels.test_channel" name="test_funding_transition_rejects_invalid_after_status" time="0.001" /><testcase classname="tests.channels.test_channel" name="test_funding_observation_must_follow_previous_snapshot" time="0.001" /><testcase classname="tests.channels.test_channel" name="test_u64_maximum_is_accepted_by_reference_and_schema" time="0.002" /><testcase classname="tests.channels.test_channel" name="test_u64_overflow_is_rejected_by_reference_and_schema" time="0.002" /><testcase classname="tests.channels.test_channel" name="test_validator_has_no_network_import" time="0.001" /><testcase classname="tests.channels.test_foundation_contracts" name="test_foundation_contracts_and_gates_pass" time="0.085" /><testcase classname="tests.chaos.test_real_process_matrix" name="test_matrix_contains_nine_cross_boundary_scenarios" time="0.001"><skipped type="pytest.skip" message="SA-CHAOS-001 checkout is unavailable">C:\tmp\foundry-pay-fc-proto-001\tests\chaos\test_real_process_matrix.py:28: SA-CHAOS-001 checkout is unavailable</skipped></testcase><testcase classname="tests.chaos.test_real_process_matrix" name="test_kill_before_claim_proves_zero_broadcasts" time="0.000"><skipped type="pytest.skip" message="SA-CHAOS-001 checkout is unavailable">C:\tmp\foundry-pay-fc-proto-001\tests\chaos\test_real_process_matrix.py:44: SA-CHAOS-001 checkout is unavailable</skipped></testcase><testcase classname="tests.chaos.test_real_process_matrix" name="test_kill_after_intent_is_unknown_without_rpc_call" time="0.000"><skipped type="pytest.skip" message="SA-CHAOS-001 checkout is unavailable">C:\tmp\foundry-pay-fc-proto-001\tests\chaos\test_real_process_matrix.py:53: SA-CHAOS-001 checkout is unavailable</skipped></testcase><testcase classname="tests.chaos.test_real_process_matrix" name="test_accepted_send_recovers_confirmed_without_rebroadcast[kill_during_send_transaction]" time="0.000"><skipped type="pytest.skip" message="SA-CHAOS-001 checkout is unavailable">C:\tmp\foundry-pay-fc-proto-001\tests\chaos\test_real_process_matrix.py:63: SA-CHAOS-001 checkout is unavailable</skipped></testcase><testcase classname="tests.chaos.test_real_process_matrix" name="test_accepted_send_recovers_confirmed_without_rebroadcast[response_lost_after_acceptance]" time="0.000"><skipped type="pytest.skip" message="SA-CHAOS-001 checkout is unavailable">C:\tmp\foundry-pay-fc-proto-001\tests\chaos\test_real_process_matrix.py:63: SA-CHAOS-001 checkout is unavailable</skipped></testcase><testcase classname="tests.chaos.test_real_process_matrix" name="test_definitive_rejection_is_not_unknown" time="0.000"><skipped type="pytest.skip" message="SA-CHAOS-001 checkout is unavailable">C:\tmp\foundry-pay-fc-proto-001\tests\chaos\test_real_process_matrix.py:83: SA-CHAOS-001 checkout is unavailable</skipped></testcase><testcase classname="tests.chaos.test_real_process_matrix" name="test_not_found_after_expiry_still_requires_reconciliation" time="0.000"><skipped type="pytest.skip" message="SA-CHAOS-001 checkout is unavailable">C:\tmp\foundry-pay-fc-proto-001\tests\chaos\test_real_process_matrix.py:93: SA-CHAOS-001 checkout is unavailable</skipped></testcase><testcase classname="tests.chaos.test_real_process_matrix" name="test_replay_after_restart_reuses_response_and_never_sends_again" time="0.000"><skipped type="pytest.skip" message="SA-CHAOS-001 checkout is unavailable">C:\tmp\foundry-pay-fc-proto-001\tests\chaos\test_real_process_matrix.py:104: SA-CHAOS-001 checkout is unavailable</skipped></testcase><testcase classname="tests.chaos.test_real_process_matrix" name="test_two_gateway_processes_produce_one_claim_and_one_send" time="0.000"><skipped type="pytest.skip" message="SA-CHAOS-001 checkout is unavailable">C:\tmp\foundry-pay-fc-proto-001\tests\chaos\test_real_process_matrix.py:116: SA-CHAOS-001 checkout is unavailable</skipped></testcase><testcase classname="tests.chaos.test_real_process_matrix" name="test_unavailable_l2_is_pending_then_converges_with_history" time="0.000"><skipped type="pytest.skip" message="SA-CHAOS-001 checkout is unavailable">C:\tmp\foundry-pay-fc-proto-001\tests\chaos\test_real_process_matrix.py:137: SA-CHAOS-001 checkout is unavailable</skipped></testcase><testcase classname="tests.chaos.test_real_process_matrix" name="test_no_scenario_persists_private_material_or_second_send" time="0.000"><skipped type="pytest.skip" message="SA-CHAOS-001 checkout is unavailable">C:\tmp\foundry-pay-fc-proto-001\tests\chaos\test_real_process_matrix.py:152: SA-CHAOS-001 checkout is unavailable</skipped></testcase><testcase classname="tests.chaos.test_real_process_matrix" name="test_committed_journal_root_binds_every_scenario_and_demo" time="0.002" /><testcase classname="tests.chaos.test_real_process_matrix" name="test_evidence_sanitizer_hashes_public_wire_values" time="0.000" /><testcase classname="tests.chaos.test_real_process_matrix" name="test_committed_evidence_contains_no_raw_base58_wire_values" time="0.004" /><testcase classname="tests.chaos.test_rpc_proxy_process" name="test_proxy_forwards_and_persists_independent_counters" time="0.741" /><testcase classname="tests.chaos.test_rpc_proxy_process" name="test_proxy_drops_response_only_after_upstream_acceptance" time="0.741" /><testcase classname="tests.chaos.test_rpc_proxy_process" name="test_definitive_rejection_never_reaches_upstream" time="0.629" /><testcase classname="tests.examples.test_local_proof" name="test_local_proof_is_executable_from_a_clean_checkout" time="0.121" /><testcase classname="tests.failures.test_failure_matrix" name="test_matrix_contains_every_required_failure" time="0.263" /><testcase classname="tests.failures.test_failure_matrix" name="test_lost_response_recovers_persisted_effect_once" time="0.000" /><testcase classname="tests.failures.test_failure_matrix" name="test_restart_before_signature_proves_no_broadcast" time="0.000" /><testcase classname="tests.failures.test_failure_matrix" name="test_restart_after_signature_preserves_exact_signature" time="0.000" /><testcase classname="tests.failures.test_failure_matrix" name="test_rpc_unavailability_stays_pending_without_retry" time="0.000" /><testcase classname="tests.failures.test_failure_matrix" name="test_unknown_broadcast_rejects_automatic_retry" time="0.000" /><testcase classname="tests.failures.test_failure_matrix" name="test_expired_blockhash_requires_new_prepare_before_any_broadcast" time="0.000" /><testcase classname="tests.failures.test_failure_matrix" name="test_known_rpc_rejection_is_distinct_from_unknown" time="0.000" /><testcase classname="tests.failures.test_failure_matrix" name="test_repeated_recovery_never_broadcasts_again" time="0.000" /><testcase classname="tests.failures.test_failure_matrix" name="test_l1_l2_divergence_opens_dispute_without_rewriting_execution" time="0.000" /><testcase classname="tests.failures.test_failure_matrix" name="test_signature_event_always_precedes_broadcast_intent" time="0.000" /><testcase classname="tests.failures.test_failure_matrix" name="test_crash_after_broadcast_intent_is_conservatively_unknown" time="0.033" /><testcase classname="tests.failures.test_failure_matrix" name="test_unknown_outcome_remains_blocked_after_blockhash_expiry" time="0.041" /><testcase classname="tests.failures.test_failure_matrix" name="test_event_chain_tampering_is_detected" time="0.021" /><testcase classname="tests.failures.test_failure_matrix" name="test_obligation_cannot_be_rematerialized_while_registered" time="0.025" /><testcase classname="tests.failures.test_failure_matrix" name="test_generated_evidence_manifest_binds_every_scenario" time="0.264" /><testcase classname="tests.failures.test_failure_matrix" name="test_committed_evidence_manifest_hashes_every_report" time="0.001" /><testcase classname="tests.protocol.test_canonicalization" name="test_economic_hash_is_order_independent" time="0.001" /><testcase classname="tests.protocol.test_canonicalization" name="test_rejects_noncanonical_domain_values[amount_base_units-01]" time="0.001" /><testcase classname="tests.protocol.test_canonicalization" name="test_rejects_noncanonical_domain_values[amount_base_units-1000000]" time="0.000" /><testcase classname="tests.protocol.test_canonicalization" name="test_rejects_noncanonical_domain_values[amount_base_units-0]" time="0.000" /><testcase classname="tests.protocol.test_canonicalization" name="test_rejects_noncanonical_domain_values[network-solana-devnet]" time="0.000" /><testcase classname="tests.protocol.test_canonicalization" name="test_rejects_noncanonical_domain_values[capability-spl_transfer]" time="0.000" /><testcase classname="tests.protocol.test_canonicalization" name="test_rejects_noncanonical_domain_values[expires_at-2026-07-23T18:00:00+00:00]" time="0.000" /><testcase classname="tests.protocol.test_canonicalization" name="test_rejects_unknown_and_null_fields" time="0.001" /><testcase classname="tests.protocol.test_canonicalization" name="test_prepared_message_hash_binds_exact_bytes" time="0.000" /><testcase classname="tests.protocol.test_canonicalization" name="test_execution_commitment_binds_plan_message_and_simulation" time="0.001" /><testcase classname="tests.protocol.test_canonicalization" name="test_rejects_floats_in_signed_constraints" time="0.001" /><testcase classname="tests.protocol.test_canonicalization" name="test_rejects_unsupported_numbers_and_null" time="0.000" /><testcase classname="tests.protocol.test_canonicalization" name="test_array_order_is_material" time="0.001" /><testcase classname="tests.protocol.test_canonicalization" name="test_single_field_tampering_changes_economic_hash" time="0.001" /><testcase classname="tests.protocol.test_canonicalization" name="test_unicode_is_not_normalized_silently" time="0.001" /><testcase classname="tests.protocol.test_conformance_vectors" name="test_protocol_v1_vector" time="0.001" /><testcase classname="tests.protocol.test_conformance_vectors" name="test_shared_negative_vectors_fail" time="0.001" /><testcase classname="tests.protocol.test_conformance_vectors" name="test_live_solana_agent_commitment_matches_corrected_v1" time="0.001" /><testcase classname="tests.protocol.test_fake_executor" name="test_prepare_binds_exact_materialized_message" time="0.026" /><testcase classname="tests.protocol.test_fake_executor" name="test_valid_single_use_authorization_executes_once" time="0.032" /><testcase classname="tests.protocol.test_fake_executor" name="test_invalid_authorization_fails_before_effect[2026-07-23T17:00:00Z-2026-07-23T17:29:59Z-True]" time="0.024" /><testcase classname="tests.protocol.test_fake_executor" name="test_invalid_authorization_fails_before_effect[2026-07-23T17:31:00Z-2026-07-23T17:40:00Z-False]" time="0.023" /><testcase classname="tests.protocol.test_fake_executor" name="test_invalid_authorization_fails_before_effect[2026-07-23T17:31:00Z-2026-07-23T17:51:00Z-True]" time="0.023" /><testcase classname="tests.protocol.test_fake_executor" name="test_tampering_and_validly_signed_mismatch_fail_before_effect" time="0.022" /><testcase classname="tests.protocol.test_fake_executor" name="test_idempotency_conflict_rejects_changed_plan" time="0.023" /><testcase classname="tests.protocol.test_fake_executor" name="test_persisted_message_tampering_fails_before_effect" time="0.028" /><testcase classname="tests.protocol.test_fake_executor" name="test_persisted_obligation_rebinding_fails_before_effect" time="0.031" /><testcase classname="tests.protocol.test_fake_executor" name="test_lost_response_recovers_durably_without_duplicate_effect" time="0.041" /><testcase classname="tests.protocol.test_fake_executor" name="test_recovery_rejects_tampered_receipt" time="0.033" /><testcase classname="tests.protocol.test_schema" name="test_external_execution_request_matches_protocol_schema" time="0.032" /><testcase classname="tests.protocol.test_schema" name="test_schema_rejects_unknown_signed_property" time="0.034" /><testcase classname="tests.reconciliation.test_reconciliation_protocol" name="test_live_fp_e2e_backfills_to_hashed_schema_valid_l1" time="0.002" /><testcase classname="tests.reconciliation.test_reconciliation_protocol" name="test_committed_live_l2_bundle_is_valid_and_approved" time="0.003" /><testcase classname="tests.reconciliation.test_reconciliation_protocol" name="test_hash_ignores_property_order_but_detects_single_field_tamper" time="0.001" /><testcase classname="tests.reconciliation.test_reconciliation_protocol" name="test_diverse_agreeing_l2_upgrades_independent_verification" time="0.001" /><testcase classname="tests.reconciliation.test_reconciliation_protocol" name="test_same_provider_or_endpoint_cannot_count_as_l2" time="0.001" /><testcase classname="tests.reconciliation.test_reconciliation_protocol" name="test_observation_cannot_self_assert_registered_source_metadata" time="0.001" /><testcase classname="tests.reconciliation.test_reconciliation_protocol" name="test_qualifying_l3_upgrades_without_blocking_on_l2" time="0.001" /><testcase classname="tests.reconciliation.test_reconciliation_protocol" name="test_material_disagreement_opens_dispute_without_reversing_confirmation" time="0.001" /><testcase classname="tests.reconciliation.test_reconciliation_protocol" name="test_unavailable_l2_remains_pending" time="0.001" /><testcase classname="tests.reconciliation.test_reconciliation_protocol" name="test_l2_without_l1_does_not_become_reconciled" time="0.001" /><testcase classname="tests.reconciliation.test_reconciliation_protocol" name="test_adapter_hashes_raw_provider_response_and_normalizes_snapshot" time="0.001" /><testcase classname="tests.reconciliation.test_reconciliation_protocol" name="test_inconsistent_balance_observation_is_rejected[source_account_after-100000001]" time="0.001" /><testcase classname="tests.reconciliation.test_reconciliation_protocol" name="test_inconsistent_balance_observation_is_rejected[destination_account_after-999999]" time="0.001" /><testcase classname="tests.reconciliation.test_reconciliation_protocol" name="test_inconsistent_balance_observation_is_rejected[observed_amount_base_units-999999]" time="0.001" /><testcase classname="tests.reconciliation.test_reconciliation_protocol" name="test_impossible_utc_calendar_timestamp_is_rejected" time="0.001" /><testcase classname="tests.reconciliation.test_solana_rpc_reader" name="test_rpc_reader_builds_snapshot_from_independent_wire_responses" time="0.001" /><testcase classname="tests.reconciliation.test_solana_rpc_reader" name="test_rpc_reader_fails_closed_on_incomplete_provider_data[&lt;lambda&gt;-no transaction]" time="0.001" /><testcase classname="tests.reconciliation.test_solana_rpc_reader" name="test_rpc_reader_fails_closed_on_incomplete_provider_data[&lt;lambda&gt;-unavailable]" time="0.001" /><testcase classname="tests.reconciliation.test_solana_rpc_reader" name="test_rpc_reader_fails_closed_on_incomplete_provider_data[&lt;lambda&gt;-RPC error]" time="0.001" /><testcase classname="tests.signer.test_exact_message_signer" name="test_live_authorization_signs_only_exact_prepared_bytes" time="0.019" /><testcase classname="tests.signer.test_exact_message_signer" name="test_any_changed_message_byte_is_rejected_before_signing" time="0.009" /><testcase classname="tests.signer.test_exact_message_signer" name="test_resigned_authorization_cannot_broaden_prepared_bindings[execution_request_id-exec_other_001-execution_request_id binding]" time="0.008" /><testcase classname="tests.signer.test_exact_message_signer" name="test_resigned_authorization_cannot_broaden_prepared_bindings[execution_commitment_hash-sha256:1111111111111111111111111111111111111111111111111111111111111111-execution_commitment_hash binding]" time="0.008" /><testcase classname="tests.signer.test_exact_message_signer" name="test_resigned_authorization_cannot_broaden_prepared_bindings[prepared_message_hash-sha256:2222222222222222222222222222222222222222222222222222222222222222-prepared_message_hash binding]" time="0.008" /><testcase classname="tests.signer.test_exact_message_signer" name="test_resigned_authorization_cannot_broaden_prepared_bindings[signer-11111111111111111111111111111111-targets a different signer]" time="0.009" /><testcase classname="tests.signer.test_exact_message_signer" name="test_invalid_authorization_signature_never_reaches_signer" time="0.009" /><testcase classname="tests.signer.test_exact_message_signer" name="test_invalid_validity_never_reaches_signer[changes0-SignerExpired-None]" time="0.008" /><testcase classname="tests.signer.test_exact_message_signer" name="test_invalid_validity_never_reaches_signer[changes1-SignerInvalid-future]" time="0.008" /><testcase classname="tests.signer.test_exact_message_signer" name="test_invalid_validity_never_reaches_signer[changes2-SignerInvalid-single-use]" time="0.009" /><testcase classname="tests.signer.test_exact_message_signer" name="test_consumption_and_replay_protection_survive_restart" time="0.019" /><testcase classname="tests.signer.test_exact_message_signer" name="test_unknown_provider_outcome_requires_recovery_and_is_not_retried" time="0.020" /><testcase classname="tests.signer.test_exact_message_signer" name="test_concurrent_use_reaches_signer_once" time="0.020" /><testcase classname="tests.signer.test_exact_message_signer" name="test_service_exposes_no_raw_key_rpc_or_broadcast_capability" time="0.001" /></testsuite></testsuites>