<?xml version="1.0" encoding="utf-8"?><testsuites name="pytest tests"><testsuite name="pytest" errors="0" failures="0" skipped="11" tests="491" time="11.313" timestamp="2026-07-27T18:10:06.241987-03:00" hostname="DESKTOP-NU6CT1J"><testcase classname="tests.authorization.test_execution_authority" name="test_live_commitment_is_verified_and_authorized" time="0.050" /><testcase classname="tests.authorization.test_execution_authority" name="test_any_changed_message_byte_is_rejected" time="0.020" /><testcase classname="tests.authorization.test_execution_authority" name="test_authoritative_signer_fee_and_program_cannot_be_broadened[signer-11111111111111111111111111111111-signer does not match]" time="0.019" /><testcase classname="tests.authorization.test_execution_authority" name="test_authoritative_signer_fee_and_program_cannot_be_broadened[max_fee_lamports-50001-constraints do not match]" time="0.018" /><testcase classname="tests.authorization.test_execution_authority" name="test_authoritative_signer_fee_and_program_cannot_be_broadened[allowed_programs-value2-constraints do not match]" time="0.017" /><testcase classname="tests.authorization.test_execution_authority" name="test_commitment_cannot_be_rebound_to_another_obligation" time="0.018" /><testcase classname="tests.authorization.test_execution_authority" name="test_request_and_executor_must_match_foundry_authority" time="0.018" /><testcase classname="tests.authorization.test_execution_authority" name="test_simulation_tampering_and_failure_are_rejected" time="0.018" /><testcase classname="tests.authorization.test_execution_authority" name="test_expired_authority_inputs_are_rejected[plan]" time="0.017" /><testcase classname="tests.authorization.test_execution_authority" name="test_expired_authority_inputs_are_rejected[simulation]" time="0.017" /><testcase classname="tests.authorization.test_execution_authority" name="test_expired_authority_inputs_are_rejected[prepared]" time="0.018" /><testcase classname="tests.authorization.test_execution_authority" name="test_authorization_never_outlives_prepared_execution" time="0.022" /><testcase classname="tests.authorization.test_execution_authority" name="test_identical_issue_is_idempotent_but_second_active_grant_conflicts" time="0.027" /><testcase classname="tests.authorization.test_execution_authority" name="test_concurrent_issue_creates_only_one_active_authorization" time="0.032" /><testcase classname="tests.authorization.test_execution_authority" name="test_consumption_and_replay_survive_process_restart" time="0.033" /><testcase classname="tests.authorization.test_execution_authority" name="test_expired_authorization_cannot_be_consumed" time="0.031" /><testcase classname="tests.authorization.test_execution_authority" name="test_service_has_no_solana_key_or_broadcast_capability" time="0.001" /><testcase classname="tests.channels.conformance.test_comparator" name="test_comparator_accepts_exact_cross_language_agreement" time="0.039" /><testcase classname="tests.channels.conformance.test_comparator" name="test_comparator_rejects_invalid_stream_shape[missing]" time="0.025" /><testcase classname="tests.channels.conformance.test_comparator" name="test_comparator_rejects_invalid_stream_shape[duplicate]" time="0.023" /><testcase classname="tests.channels.conformance.test_comparator" name="test_comparator_rejects_invalid_stream_shape[out_of_order]" time="0.026" /><testcase classname="tests.channels.conformance.test_comparator" name="test_comparator_rejects_invalid_stream_shape[malformed]" time="0.019" /><testcase classname="tests.channels.conformance.test_comparator" name="test_comparator_rejects_positive_byte_mismatch" time="0.029" /><testcase classname="tests.channels.conformance.test_comparator" name="test_comparator_rejects_negative_semantic_mismatch[stage-domain_verification]" time="0.031" /><testcase classname="tests.channels.conformance.test_comparator" name="test_comparator_rejects_negative_semantic_mismatch[code-wrong_code]" time="0.029" /><testcase classname="tests.channels.conformance.test_comparator" name="test_comparator_rejects_toolchain_mismatch" time="0.031" /><testcase classname="tests.channels.conformance.test_python_runner" name="test_python_runner_recomputes_all_frozen_vectors" time="0.009" /><testcase classname="tests.channels.test_canonicalization" name="test_positive_vectors_publish_exact_bytes_and_hashes[path0]" time="0.001" /><testcase classname="tests.channels.test_canonicalization" name="test_positive_vectors_publish_exact_bytes_and_hashes[path1]" time="0.000" /><testcase classname="tests.channels.test_canonicalization" name="test_positive_vectors_publish_exact_bytes_and_hashes[path2]" time="0.001" /><testcase classname="tests.channels.test_canonicalization" name="test_positive_vectors_publish_exact_bytes_and_hashes[path3]" time="0.001" /><testcase classname="tests.channels.test_canonicalization" name="test_positive_vectors_publish_exact_bytes_and_hashes[path4]" time="0.001" /><testcase classname="tests.channels.test_canonicalization" name="test_positive_vectors_publish_exact_bytes_and_hashes[path5]" time="0.001" /><testcase classname="tests.channels.test_canonicalization" name="test_positive_vectors_publish_exact_bytes_and_hashes[path6]" time="0.001" /><testcase classname="tests.channels.test_canonicalization" name="test_positive_vectors_publish_exact_bytes_and_hashes[path7]" time="0.001" /><testcase classname="tests.channels.test_canonicalization" name="test_positive_vector_source_objects_match_registered_schemas[path0]" time="0.000" /><testcase classname="tests.channels.test_canonicalization" name="test_positive_vector_source_objects_match_registered_schemas[path1]" time="0.000" /><testcase classname="tests.channels.test_canonicalization" name="test_positive_vector_source_objects_match_registered_schemas[path2]" time="0.002" /><testcase classname="tests.channels.test_canonicalization" name="test_positive_vector_source_objects_match_registered_schemas[path3]" time="0.001" /><testcase classname="tests.channels.test_canonicalization" name="test_positive_vector_source_objects_match_registered_schemas[path4]" time="0.001" /><testcase classname="tests.channels.test_canonicalization" name="test_positive_vector_source_objects_match_registered_schemas[path5]" time="0.001" /><testcase classname="tests.channels.test_canonicalization" name="test_positive_vector_source_objects_match_registered_schemas[path6]" time="0.002" /><testcase classname="tests.channels.test_canonicalization" name="test_positive_vector_source_objects_match_registered_schemas[path7]" time="0.002" /><testcase classname="tests.channels.test_canonicalization" name="test_same_json_meaning_produces_same_bytes_and_hash" time="0.000" /><testcase classname="tests.channels.test_canonicalization" name="test_insertion_order_does_not_change_jcs" time="0.000" /><testcase classname="tests.channels.test_canonicalization" name="test_strict_wire_rejections[{&quot;a&quot;:1,&quot;a&quot;:2}-duplicate_key]" time="0.000" /><testcase classname="tests.channels.test_canonicalization" name="test_strict_wire_rejections[{&quot;a&quot;:null}-null_forbidden]" time="0.000" /><testcase classname="tests.channels.test_canonicalization" name="test_strict_wire_rejections[{&quot;a&quot;:1.5}-float_forbidden]" time="0.000" /><testcase classname="tests.channels.test_canonicalization" name="test_strict_wire_rejections[{&quot;a&quot;:1e3}-float_forbidden]" time="0.000" /><testcase classname="tests.channels.test_canonicalization" name="test_strict_wire_rejections[{&quot;a&quot;:NaN}-non_finite_number]" time="0.001" /><testcase classname="tests.channels.test_canonicalization" name="test_strict_wire_rejections[{&quot;a&quot;:Infinity}-non_finite_number]" time="0.000" /><testcase classname="tests.channels.test_canonicalization" name="test_strict_wire_rejections[{&quot;a&quot;:-Infinity}-non_finite_number]" time="0.000" /><testcase classname="tests.channels.test_canonicalization" name="test_strict_wire_rejections[{&quot;a&quot;:-0}-negative_zero]" time="0.000" /><testcase classname="tests.channels.test_canonicalization" name="test_strict_wire_rejections[{&quot;a&quot;:9007199254740992}-unsafe_integer]" time="0.000" /><testcase classname="tests.channels.test_canonicalization" name="test_invalid_utf8_rejects" time="0.000" /><testcase classname="tests.channels.test_canonicalization" name="test_lone_surrogate_rejects_but_valid_unicode_encodes_utf8" time="0.000" /><testcase classname="tests.channels.test_canonicalization" name="test_unicode_is_not_normalized" time="0.001" /><testcase classname="tests.channels.test_canonicalization" name="test_integer_validation_rejects_coercions_and_unsafe_values[True]" time="0.000" /><testcase classname="tests.channels.test_canonicalization" name="test_integer_validation_rejects_coercions_and_unsafe_values[False]" time="0.000" /><testcase classname="tests.channels.test_canonicalization" name="test_integer_validation_rejects_coercions_and_unsafe_values[-1]" time="0.000" /><testcase classname="tests.channels.test_canonicalization" name="test_integer_validation_rejects_coercions_and_unsafe_values[9007199254740992]" time="0.000" /><testcase classname="tests.channels.test_canonicalization" name="test_integer_validation_rejects_coercions_and_unsafe_values[1.0]" time="0.000" /><testcase classname="tests.channels.test_canonicalization" name="test_integer_validation_rejects_coercions_and_unsafe_values[1]" time="0.000" /><testcase classname="tests.channels.test_canonicalization" name="test_noncanonical_amounts_reject[01]" time="0.000" /><testcase classname="tests.channels.test_canonicalization" name="test_noncanonical_amounts_reject[+1]" time="0.000" /><testcase classname="tests.channels.test_canonicalization" name="test_noncanonical_amounts_reject[-1]" time="0.000" /><testcase classname="tests.channels.test_canonicalization" name="test_noncanonical_amounts_reject[1.0]" time="0.000" /><testcase classname="tests.channels.test_canonicalization" name="test_noncanonical_amounts_reject[1e3]" time="0.000" /><testcase classname="tests.channels.test_canonicalization" name="test_noncanonical_amounts_reject[ 1]" time="0.000" /><testcase classname="tests.channels.test_canonicalization" name="test_noncanonical_amounts_reject[1 ]" time="0.000" /><testcase classname="tests.channels.test_canonicalization" name="test_u64_boundary" time="0.000" /><testcase classname="tests.channels.test_canonicalization" name="test_timestamp_profile_rejects_noncanonical_or_impossible_values[2026-08-01T00:00:00.000Z]" time="0.000" /><testcase classname="tests.channels.test_canonicalization" name="test_timestamp_profile_rejects_noncanonical_or_impossible_values[2026-08-01T00:00:00+00:00]" time="0.000" /><testcase classname="tests.channels.test_canonicalization" name="test_timestamp_profile_rejects_noncanonical_or_impossible_values[2026-08-01 00:00:00Z]" time="0.000" /><testcase classname="tests.channels.test_canonicalization" name="test_timestamp_profile_rejects_noncanonical_or_impossible_values[2026-08-01T00:00:00]" time="0.000" /><testcase classname="tests.channels.test_canonicalization" name="test_timestamp_profile_rejects_noncanonical_or_impossible_values[2026-02-30T00:00:00Z]" time="0.000" /><testcase classname="tests.channels.test_canonicalization" name="test_self_hash_excludes_exactly_one_field" time="0.000" /><testcase classname="tests.channels.test_canonicalization" name="test_hash_text_is_lowercase_fixed_length_and_exact" time="0.000" /><testcase classname="tests.channels.test_canonicalization" name="test_canonical_set_rejects_duplicates_and_noncanonical_order" time="0.000" /><testcase classname="tests.channels.test_canonicalization" name="test_domains_require_exact_registry_match_not_prefixes" time="0.000" /><testcase classname="tests.channels.test_canonicalization" name="test_voucher_unknown_missing_and_null_fields_fail_before_hashing" time="0.001" /><testcase classname="tests.channels.test_canonicalization" name="test_material_voucher_mutations_change_bytes_hash_and_reject_stale_hash" time="0.004" /><testcase classname="tests.channels.test_canonicalization" name="test_signatures_do_not_change_signed_payload_hashes" time="0.002" /><testcase classname="tests.channels.test_canonicalization" name="test_legacy_voucher_and_binding_hashes_remain_exact" time="0.001" /><testcase classname="tests.channels.test_canonicalization" name="test_profile_and_domain_registries_are_closed_and_consistent" time="0.001" /><testcase classname="tests.channels.test_canonicalization" name="test_journal_profile_documentation_matches_registered_preimage" time="0.001" /><testcase classname="tests.channels.test_canonicalization" name="test_evidence_artifact_manifest_matches_exact_repository_bytes" time="0.010" /><testcase classname="tests.channels.test_canonicalization" name="test_every_registered_schema_and_fragment_exists" time="0.008" /><testcase classname="tests.channels.test_canonicalization" name="test_manifest_lists_every_vector_once" time="0.001" /><testcase classname="tests.channels.test_canonicalization" name="test_every_negative_vector_rejects_at_declared_stage[path0]" time="0.001" /><testcase classname="tests.channels.test_canonicalization" name="test_every_negative_vector_rejects_at_declared_stage[path1]" time="0.001" /><testcase classname="tests.channels.test_canonicalization" name="test_every_negative_vector_rejects_at_declared_stage[path2]" time="0.001" /><testcase classname="tests.channels.test_canonicalization" name="test_every_negative_vector_rejects_at_declared_stage[path3]" time="0.001" /><testcase classname="tests.channels.test_canonicalization" name="test_every_negative_vector_rejects_at_declared_stage[path4]" time="0.001" /><testcase classname="tests.channels.test_canonicalization" name="test_every_negative_vector_rejects_at_declared_stage[path5]" time="0.001" /><testcase classname="tests.channels.test_canonicalization" name="test_every_negative_vector_rejects_at_declared_stage[path6]" time="0.001" /><testcase classname="tests.channels.test_canonicalization" name="test_every_negative_vector_rejects_at_declared_stage[path7]" time="0.001" /><testcase classname="tests.channels.test_canonicalization" name="test_every_negative_vector_rejects_at_declared_stage[path8]" time="0.001" /><testcase classname="tests.channels.test_canonicalization" name="test_every_negative_vector_rejects_at_declared_stage[path9]" time="0.001" /><testcase classname="tests.channels.test_canonicalization" name="test_every_negative_vector_rejects_at_declared_stage[path10]" time="0.001" /><testcase classname="tests.channels.test_canonicalization" name="test_every_negative_vector_rejects_at_declared_stage[path11]" time="0.001" /><testcase classname="tests.channels.test_canonicalization" name="test_every_negative_vector_rejects_at_declared_stage[path12]" time="0.001" /><testcase classname="tests.channels.test_canonicalization" name="test_every_negative_vector_rejects_at_declared_stage[path13]" time="0.001" /><testcase classname="tests.channels.test_canonicalization" name="test_every_negative_vector_rejects_at_declared_stage[path14]" time="0.001" /><testcase classname="tests.channels.test_canonicalization" name="test_every_negative_vector_rejects_at_declared_stage[path15]" time="0.001" /><testcase classname="tests.channels.test_canonicalization" name="test_every_negative_vector_rejects_at_declared_stage[path16]" time="0.001" /><testcase classname="tests.channels.test_canonicalization" name="test_every_negative_vector_rejects_at_declared_stage[path17]" time="0.001" /><testcase classname="tests.channels.test_canonicalization" name="test_every_negative_vector_rejects_at_declared_stage[path18]" time="0.001" /><testcase classname="tests.channels.test_canonicalization" name="test_every_negative_vector_rejects_at_declared_stage[path19]" time="0.001" /><testcase classname="tests.channels.test_channel" name="test_channel_after_funding_derives_conservation" time="0.001" /><testcase classname="tests.channels.test_channel" name="test_reference_40_usdc_settled_projection" time="0.001" /><testcase classname="tests.channels.test_channel" name="test_partial_settlement_projection" time="0.001" /><testcase classname="tests.channels.test_channel" name="test_valid_funding_transition" time="0.001" /><testcase classname="tests.channels.test_channel" name="test_valid_active_top_up_preserves_accounting" time="0.001" /><testcase classname="tests.channels.test_channel" name="test_malformed_channel_fields_reject[funded_total_base_units-100-invalid_amount]" time="0.001" /><testcase classname="tests.channels.test_channel" name="test_malformed_channel_fields_reject[funded_total_base_units-0100-invalid_amount]" time="0.001" /><testcase classname="tests.channels.test_channel" name="test_malformed_channel_fields_reject[funded_total_base_units--1-invalid_amount]" time="0.001" /><testcase classname="tests.channels.test_channel" name="test_malformed_channel_fields_reject[settled_total_base_units-1.5-invalid_amount]" time="0.001" /><testcase classname="tests.channels.test_channel" name="test_malformed_channel_fields_reject[latest_activated_sequence-True-invalid_integer]" time="0.001" /><testcase classname="tests.channels.test_channel" name="test_malformed_channel_fields_reject[latest_activated_voucher_hash-SHA256:0000000000000000000000000000000000000000000000000000000000000000-invalid_hash]" time="0.001" /><testcase classname="tests.channels.test_channel" name="test_malformed_channel_fields_reject[environment-mainnet-invalid_literal]" time="0.001" /><testcase classname="tests.channels.test_channel" name="test_malformed_channel_fields_reject[network-solana:mainnet-invalid_literal]" time="0.001" /><testcase classname="tests.channels.test_channel" name="test_unknown_field_rejects" time="0.001" /><testcase classname="tests.channels.test_channel" name="test_missing_field_rejects" time="0.000" /><testcase classname="tests.channels.test_channel" name="test_accounting_violations_reject[100000001-0-0-200000000-authorization_exceeds_capacity]" time="0.001" /><testcase classname="tests.channels.test_channel" name="test_accounting_violations_reject[40000000-40000001-0-100000000-settlement_exceeds_authorization]" time="0.001" /><testcase classname="tests.channels.test_channel" name="test_accounting_violations_reject[0-0-100000001-100000000-refund_exceeds_funding]" time="0.001" /><testcase classname="tests.channels.test_channel" name="test_accounting_violations_reject[40000000-0-70000000-100000000-authorization_exceeds_capacity]" time="0.001" /><testcase classname="tests.channels.test_channel" name="test_accounting_violations_reject[40000000-0-0-39999999-authorization_exceeds_policy]" time="0.001" /><testcase classname="tests.channels.test_channel" name="test_activation_sequence_and_total_must_agree[0-1]" time="0.001" /><testcase classname="tests.channels.test_channel" name="test_activation_sequence_and_total_must_agree[1-0]" time="0.001" /><testcase classname="tests.channels.test_channel" name="test_policy_must_belong_to_channel" time="0.001" /><testcase classname="tests.channels.test_channel" name="test_draft_requires_zero_accounting[funded_total_base_units-1]" time="0.001" /><testcase classname="tests.channels.test_channel" name="test_draft_requires_zero_accounting[activated_authorized_total_base_units-1]" time="0.001" /><testcase classname="tests.channels.test_channel" name="test_draft_requires_zero_accounting[settled_total_base_units-1]" time="0.001" /><testcase classname="tests.channels.test_channel" name="test_draft_requires_zero_accounting[refunded_total_base_units-1]" time="0.001" /><testcase classname="tests.channels.test_channel" name="test_funding_state_rejects_allocated_accounting[activated_authorized_total_base_units-1]" time="0.001" /><testcase classname="tests.channels.test_channel" name="test_funding_state_rejects_allocated_accounting[settled_total_base_units-1]" time="0.001" /><testcase classname="tests.channels.test_channel" name="test_funding_state_rejects_allocated_accounting[refunded_total_base_units-1]" time="0.001" /><testcase classname="tests.channels.test_channel" name="test_active_requires_positive_funding" time="0.001" /><testcase classname="tests.channels.test_channel" name="test_settling_requires_bound_recipient_wallet" time="0.003" /><testcase classname="tests.channels.test_channel" name="test_settling_requires_positive_outstanding_right" time="0.001" /><testcase classname="tests.channels.test_channel" name="test_valid_settling_snapshot_has_wallet_and_outstanding_right" time="0.001" /><testcase classname="tests.channels.test_channel" name="test_live_state_cannot_remain_current_at_expiry[funding]" time="0.001" /><testcase classname="tests.channels.test_channel" name="test_live_state_cannot_remain_current_at_expiry[active]" time="0.001" /><testcase classname="tests.channels.test_channel" name="test_expired_state_requires_expiry_to_be_reached" time="0.001" /><testcase classname="tests.channels.test_channel" name="test_valid_expired_state_has_no_outstanding_right" time="0.001" /><testcase classname="tests.channels.test_channel" name="test_closing_requires_both_timestamps" time="0.000" /><testcase classname="tests.channels.test_channel" name="test_closing_enforces_minimum_claim_window" time="0.001" /><testcase classname="tests.channels.test_channel" name="test_active_channel_cannot_carry_close_timestamps" time="0.001" /><testcase classname="tests.channels.test_channel" name="test_closed_channel_requires_close_timestamps" time="0.001" /><testcase classname="tests.channels.test_channel" name="test_closing_request_cannot_follow_snapshot_update" time="0.001" /><testcase classname="tests.channels.test_channel" name="test_closed_rejects_outstanding_right" time="0.001" /><testcase classname="tests.channels.test_channel" name="test_closed_rejects_nonzero_vault" time="0.001" /><testcase classname="tests.channels.test_channel" name="test_closed_finalization_cannot_precede_deadline" time="0.001" /><testcase classname="tests.channels.test_channel" name="test_valid_closed_snapshot_has_zero_vault_and_no_outstanding_right" time="0.001" /><testcase classname="tests.channels.test_channel" name="test_valid_closing_snapshot_preserves_rights" time="0.001" /><testcase classname="tests.channels.test_channel" name="test_inconsistent_funding_rejects[mutation0-zero_funding]" time="0.001" /><testcase classname="tests.channels.test_channel" name="test_inconsistent_funding_rejects[mutation1-funding_total_mismatch]" time="0.001" /><testcase classname="tests.channels.test_channel" name="test_inconsistent_funding_rejects[mutation2-funding_identity_mismatch]" time="0.001" /><testcase classname="tests.channels.test_channel" name="test_inconsistent_funding_rejects[mutation3-funding_identity_mismatch]" time="0.001" /><testcase classname="tests.channels.test_channel" name="test_inconsistent_funding_rejects[mutation4-funding_time_order_invalid]" time="0.001" /><testcase classname="tests.channels.test_channel" name="test_inconsistent_funding_rejects[mutation5-invalid_transaction_signature]" time="0.001" /><testcase classname="tests.channels.test_channel" name="test_funding_rejects_forbidden_previous_lifecycle[draft]" time="0.001" /><testcase classname="tests.channels.test_channel" name="test_funding_rejects_forbidden_previous_lifecycle[closing]" time="0.001" /><testcase classname="tests.channels.test_channel" name="test_funding_rejects_forbidden_previous_lifecycle[closed]" time="0.001" /><testcase classname="tests.channels.test_channel" name="test_funding_rejects_forbidden_previous_lifecycle[expired]" time="0.001" /><testcase classname="tests.channels.test_channel" name="test_top_up_rejects_immutable_field_mutation[environment-other-invalid_literal]" time="0.001" /><testcase classname="tests.channels.test_channel" name="test_top_up_rejects_immutable_field_mutation[network-solana:other-invalid_literal]" time="0.001" /><testcase classname="tests.channels.test_channel" name="test_top_up_rejects_immutable_field_mutation[genesis_hash-11111111111111111111111111111111-funding_immutable_field_changed]" time="0.001" /><testcase classname="tests.channels.test_channel" name="test_top_up_rejects_immutable_field_mutation[program_id-11111111111111111111111111111111-funding_immutable_field_changed]" time="0.001" /><testcase classname="tests.channels.test_channel" name="test_top_up_rejects_immutable_field_mutation[channel_id-other_channel-policy_channel_mismatch]" time="0.001" /><testcase classname="tests.channels.test_channel" name="test_top_up_rejects_immutable_field_mutation[channel_account-11111111111111111111111111111111-funding_identity_mismatch]" time="0.001" /><testcase classname="tests.channels.test_channel" name="test_top_up_rejects_immutable_field_mutation[epoch-1-funding_immutable_field_changed]" time="0.001" /><testcase classname="tests.channels.test_channel" name="test_top_up_rejects_immutable_field_mutation[sender-11111111111111111111111111111111-funding_immutable_field_changed]" time="0.001" /><testcase classname="tests.channels.test_channel" name="test_top_up_rejects_immutable_field_mutation[recipient_claim_pubkey-11111111111111111111111111111111-funding_immutable_field_changed]" time="0.001" /><testcase classname="tests.channels.test_channel" name="test_top_up_rejects_immutable_field_mutation[recipient_wallet-11111111111111111111111111111111-funding_immutable_field_changed]" time="0.001" /><testcase classname="tests.channels.test_channel" name="test_top_up_rejects_immutable_field_mutation[mint-11111111111111111111111111111111-funding_identity_mismatch]" time="0.001" /><testcase classname="tests.channels.test_channel" name="test_top_up_rejects_immutable_field_mutation[decimals-9-funding_immutable_field_changed]" time="0.001" /><testcase classname="tests.channels.test_channel" name="test_top_up_rejects_immutable_field_mutation[vault_token_account-9zsJvRFTxAG5sBuXhjMDZkgWb9oqQbK8gDywo7mUMNKb-funding_immutable_field_changed]" time="0.001" /><testcase classname="tests.channels.test_channel" name="test_top_up_rejects_immutable_field_mutation[activated_authorized_total_base_units-41000000-funding_immutable_field_changed]" time="0.001" /><testcase classname="tests.channels.test_channel" name="test_top_up_rejects_immutable_field_mutation[settled_total_base_units-16000000-funding_immutable_field_changed]" time="0.001" /><testcase classname="tests.channels.test_channel" name="test_top_up_rejects_immutable_field_mutation[refunded_total_base_units-1-funding_immutable_field_changed]" time="0.001" /><testcase classname="tests.channels.test_channel" name="test_top_up_rejects_immutable_field_mutation[latest_activated_sequence-4-funding_immutable_field_changed]" time="0.001" /><testcase classname="tests.channels.test_channel" name="test_top_up_rejects_immutable_field_mutation[latest_activated_voucher_hash-sha256:1111111111111111111111111111111111111111111111111111111111111111-funding_immutable_field_changed]" time="0.001" /><testcase classname="tests.channels.test_channel" name="test_top_up_rejects_immutable_field_mutation[expires_at-2026-08-04T00:00:00Z-funding_immutable_field_changed]" time="0.001" /><testcase classname="tests.channels.test_channel" name="test_top_up_rejects_immutable_field_mutation[created_at-2026-07-31T00:00:00Z-funding_immutable_field_changed]" time="0.001" /><testcase classname="tests.channels.test_channel" name="test_top_up_rejects_policy_mutation" time="0.001" /><testcase classname="tests.channels.test_channel" name="test_top_up_requires_prior_policy_permission" time="0.001" /><testcase classname="tests.channels.test_channel" name="test_funding_transition_rejects_invalid_after_status" time="0.001" /><testcase classname="tests.channels.test_channel" name="test_funding_observation_must_follow_previous_snapshot" time="0.001" /><testcase classname="tests.channels.test_channel" name="test_u64_maximum_is_accepted_by_reference_and_schema" time="0.001" /><testcase classname="tests.channels.test_channel" name="test_u64_overflow_is_rejected_by_reference_and_schema" time="0.002" /><testcase classname="tests.channels.test_channel" name="test_validator_has_no_network_import" time="0.001" /><testcase classname="tests.channels.test_closure" name="test_request_and_freeze_use_distinct_deterministic_snapshots" time="0.002" /><testcase classname="tests.channels.test_closure" name="test_claim_deadline_is_exclusive" time="0.000" /><testcase classname="tests.channels.test_closure" name="test_close_rejects_short_grace_and_freeze_before_deadline" time="0.001" /><testcase classname="tests.channels.test_closure" name="test_freeze_rejects_funding_or_refund_during_claim_window[closing_changes0-funding_changed_during_close]" time="0.001" /><testcase classname="tests.channels.test_closure" name="test_freeze_rejects_funding_or_refund_during_claim_window[closing_changes1-refund_changed_during_claim_window]" time="0.001" /><testcase classname="tests.channels.test_closure" name="test_freeze_rejects_settled_total_regression" time="0.001" /><testcase classname="tests.channels.test_closure" name="test_freeze_rejects_activation_without_new_voucher" time="0.001" /><testcase classname="tests.channels.test_closure" name="test_freeze_rejects_request_snapshot_link_forgery[closure_id-closure_forged]" time="0.001" /><testcase classname="tests.channels.test_closure" name="test_freeze_rejects_request_snapshot_link_forgery[channel_snapshot_hash-sha256:ffffffffffffffffffffffffffffffffffffffffffffffffffffffffffffffff]" time="0.001" /><testcase classname="tests.channels.test_closure" name="test_freeze_rejects_request_snapshot_link_forgery[claim_deadline-2026-08-01T00:07:00Z]" time="0.001" /><testcase classname="tests.channels.test_closure" name="test_freeze_rejects_request_snapshot_accounting_forgery" time="0.001" /><testcase classname="tests.channels.test_closure" name="test_activated_right_survives_time_and_remains_reserved" time="0.003" /><testcase classname="tests.channels.test_closure" name="test_any_ambiguous_economic_state_blocks_refund[states0]" time="0.002" /><testcase classname="tests.channels.test_closure" name="test_any_ambiguous_economic_state_blocks_refund[states1]" time="0.002" /><testcase classname="tests.channels.test_closure" name="test_any_ambiguous_economic_state_blocks_refund[states2]" time="0.002" /><testcase classname="tests.channels.test_closure" name="test_any_ambiguous_economic_state_blocks_refund[states3]" time="0.002" /><testcase classname="tests.channels.test_closure" name="test_any_ambiguous_economic_state_blocks_refund[states4]" time="0.002" /><testcase classname="tests.channels.test_closure" name="test_any_ambiguous_economic_state_blocks_refund[states5]" time="0.003" /><testcase classname="tests.channels.test_closure" name="test_freeze_with_unresolved_operation_blocks_refund_even_without_runtime_state" time="0.002" /><testcase classname="tests.channels.test_closure" name="test_refund_bounds_and_final_close_right_gate" time="0.005" /><testcase classname="tests.channels.test_closure" name="test_refund_rejects_domain_identity_and_snapshot_replay[mutation0-refund_destination_substitution]" time="0.002" /><testcase classname="tests.channels.test_closure" name="test_refund_rejects_domain_identity_and_snapshot_replay[mutation1-channel_reference_mismatch]" time="0.002" /><testcase classname="tests.channels.test_closure" name="test_refund_rejects_domain_identity_and_snapshot_replay[mutation2-channel_reference_mismatch]" time="0.002" /><testcase classname="tests.channels.test_closure" name="test_refund_rejects_domain_identity_and_snapshot_replay[mutation3-channel_reference_mismatch]" time="0.002" /><testcase classname="tests.channels.test_closure" name="test_refund_rejects_domain_identity_and_snapshot_replay[mutation4-domain_mismatch]" time="0.002" /><testcase classname="tests.channels.test_closure" name="test_refund_rejects_domain_identity_and_snapshot_replay[mutation5-freeze_snapshot_mismatch]" time="0.002" /><testcase classname="tests.channels.test_closure" name="test_expired_refund_and_tampered_artifacts_fail_closed" time="0.003" /><testcase classname="tests.channels.test_closure" name="test_golden_refund_preserves_conservation_without_reducing_activation" time="0.004" /><testcase classname="tests.channels.test_closure" name="test_finalization_requires_no_right_no_vault_and_no_ambiguity" time="0.004" /><testcase classname="tests.channels.test_closure" name="test_runtime_idempotency_restart_and_changed_bytes" time="0.034" /><testcase classname="tests.channels.test_closure" name="test_two_process_style_race_cannot_over_refund" time="0.039" /><testcase classname="tests.channels.test_closure" name="test_distinct_freeze_hashes_cannot_bypass_aggregate_reservation" time="0.030" /><testcase classname="tests.channels.test_closure" name="test_submit_requires_exact_execution_commitment" time="0.050" /><testcase classname="tests.channels.test_closure" name="test_submit_intent_is_at_most_one_and_unknown_never_completes" time="0.065" /><testcase classname="tests.channels.test_closure" name="test_unknown_technical_result_cannot_be_overwritten" time="0.055" /><testcase classname="tests.channels.test_closure" name="test_invalid_technical_receipt_shape_is_rejected[mutation0-invalid_transaction_signature]" time="0.050" /><testcase classname="tests.channels.test_closure" name="test_invalid_technical_receipt_shape_is_rejected[mutation1-unknown_field]" time="0.046" /><testcase classname="tests.channels.test_closure" name="test_technical_receipt_is_not_economic_completion" time="0.066" /><testcase classname="tests.channels.test_closure" name="test_completed_refund_establishes_refunded_high_water" time="0.079" /><testcase classname="tests.channels.test_closure" name="test_overlapping_completed_refund_intervals_are_rejected" time="0.112" /><testcase classname="tests.channels.test_closure" name="test_reconciliation_mismatch_never_completes" time="0.062" /><testcase classname="tests.channels.test_closure" name="test_invalid_observation_shape_cannot_complete[mutation0-invalid_transaction_signature]" time="0.057" /><testcase classname="tests.channels.test_closure" name="test_invalid_observation_shape_cannot_complete[mutation1-unknown_field]" time="0.058" /><testcase classname="tests.channels.test_closure" name="test_observation_domain_replay_never_completes" time="0.091" /><testcase classname="tests.channels.test_closure" name="test_pre_submission_release_frees_reservation" time="0.048" /><testcase classname="tests.channels.test_closure" name="test_lost_response_restart_recovers_signature_without_second_submit" time="0.074" /><testcase classname="tests.channels.test_closure" name="test_provider_divergence_is_disputed_and_unverified_observation_fails" time="0.061" /><testcase classname="tests.channels.test_closure" name="test_epoch_eligibility_is_only_a_decision_and_binds_final_hash" time="0.001" /><testcase classname="tests.channels.test_closure" name="test_schema_accepts_runtime_artifacts" time="0.075" /><testcase classname="tests.channels.test_foundation_contracts" name="test_foundation_contracts_and_gates_pass" time="0.167" /><testcase classname="tests.channels.test_foundation_contracts" name="test_fc_proto_007_integration_uses_governed_self_validation" time="0.072" /><testcase classname="tests.channels.test_foundation_contracts" name="test_fc_sec_002_contract_matches_governed_experimental_scope" time="0.073" /><testcase classname="tests.channels.test_maturity_authorization" name="test_self_validated_offline_record_is_valid_and_explicitly_unaudited" time="0.005" /><testcase classname="tests.channels.test_maturity_authorization" name="test_schema_is_closed_and_requires_block_reason" time="0.004" /><testcase classname="tests.channels.test_maturity_authorization" name="test_passed_validation_and_review_must_bind_current_commit" time="0.004" /><testcase classname="tests.channels.test_maturity_authorization" name="test_stale_review_preserves_historical_evidence_without_authorizing_current" time="0.003" /><testcase classname="tests.channels.test_maturity_authorization" name="test_stale_review_requires_preserved_historical_evidence" time="0.002" /><testcase classname="tests.channels.test_maturity_authorization" name="test_experimental_authorization_requires_current_self_validation" time="0.002" /><testcase classname="tests.channels.test_maturity_authorization" name="test_mainnet_and_real_value_require_review_and_closed_constraints" time="0.003" /><testcase classname="tests.channels.test_recipient_binding" name="test_schemas_accept_published_positive_vector" time="0.014" /><testcase classname="tests.channels.test_recipient_binding" name="test_dual_signatures_receive_identical_canonical_bytes" time="0.001" /><testcase classname="tests.channels.test_recipient_binding" name="test_channel_claim_is_validated_against_authoritative_context" time="0.001" /><testcase classname="tests.channels.test_recipient_binding" name="test_required_signed_replay_axis_cannot_be_omitted[voucher_hash]" time="0.001" /><testcase classname="tests.channels.test_recipient_binding" name="test_required_signed_replay_axis_cannot_be_omitted[mint]" time="0.001" /><testcase classname="tests.channels.test_recipient_binding" name="test_replay_axis_negative_vectors_fail_closed" time="0.002" /><testcase classname="tests.channels.test_recipient_binding" name="test_binding_mutations_fail_closed[payload.destination_wallet-SysvarRent111111111111111111111111111111111-binding_hash_mismatch]" time="0.001" /><testcase classname="tests.channels.test_recipient_binding" name="test_binding_mutations_fail_closed[payload.domain-foundry.channels.voucher-invalid_literal]" time="0.001" /><testcase classname="tests.channels.test_recipient_binding" name="test_binding_mutations_fail_closed[payload.network-solana:mainnet-invalid_literal]" time="0.001" /><testcase classname="tests.channels.test_recipient_binding" name="test_binding_mutations_fail_closed[payload.program_id-SysvarRent111111111111111111111111111111111-binding_hash_mismatch]" time="0.001" /><testcase classname="tests.channels.test_recipient_binding" name="test_binding_mutations_fail_closed[payload.channel_id-channel_other-binding_hash_mismatch]" time="0.001" /><testcase classname="tests.channels.test_recipient_binding" name="test_binding_mutations_fail_closed[payload.epoch-1-binding_hash_mismatch]" time="0.001" /><testcase classname="tests.channels.test_recipient_binding" name="test_binding_mutations_fail_closed[payload.binding_mode-rebind-invalid_literal]" time="0.001" /><testcase classname="tests.channels.test_recipient_binding" name="test_binding_mutations_fail_closed[payload.expires_at-2026-08-01T00:05:30Z-binding_expired]" time="0.001" /><testcase classname="tests.channels.test_recipient_binding" name="test_rehashed_cross_context_binding_still_rejects[program_id-SysvarRent111111111111111111111111111111111]" time="0.001" /><testcase classname="tests.channels.test_recipient_binding" name="test_rehashed_cross_context_binding_still_rejects[genesis_hash-SysvarRent111111111111111111111111111111111]" time="0.001" /><testcase classname="tests.channels.test_recipient_binding" name="test_rehashed_cross_context_binding_still_rejects[channel_id-channel_other]" time="0.001" /><testcase classname="tests.channels.test_recipient_binding" name="test_rehashed_cross_context_binding_still_rejects[channel_account-SysvarRent111111111111111111111111111111111]" time="0.001" /><testcase classname="tests.channels.test_recipient_binding" name="test_rehashed_cross_context_binding_still_rejects[epoch-1]" time="0.001" /><testcase classname="tests.channels.test_recipient_binding" name="test_rehashed_cross_context_binding_still_rejects[claim_id-claim_other]" time="0.001" /><testcase classname="tests.channels.test_recipient_binding" name="test_rehashed_cross_context_binding_still_rejects[claim_pubkey-SysvarRent111111111111111111111111111111111]" time="0.001" /><testcase classname="tests.channels.test_recipient_binding" name="test_rehashed_cross_context_binding_still_rejects[voucher_hash-sha256:bbbbbbbbbbbbbbbbbbbbbbbbbbbbbbbbbbbbbbbbbbbbbbbbbbbbbbbbbbbbbbbb]" time="0.001" /><testcase classname="tests.channels.test_recipient_binding" name="test_rehashed_cross_context_binding_still_rejects[mint-SysvarRent111111111111111111111111111111111]" time="0.001" /><testcase classname="tests.channels.test_recipient_binding" name="test_claim_context_substitution_rejects[channel_id-channel_other]" time="0.001" /><testcase classname="tests.channels.test_recipient_binding" name="test_claim_context_substitution_rejects[epoch-1]" time="0.001" /><testcase classname="tests.channels.test_recipient_binding" name="test_claim_context_substitution_rejects[voucher_hash-sha256:bbbbbbbbbbbbbbbbbbbbbbbbbbbbbbbbbbbbbbbbbbbbbbbbbbbbbbbbbbbbbbbb]" time="0.001" /><testcase classname="tests.channels.test_recipient_binding" name="test_claim_context_substitution_rejects[claim_pubkey-SysvarRent111111111111111111111111111111111]" time="0.001" /><testcase classname="tests.channels.test_recipient_binding" name="test_non_bindable_claim_state_rejects[destination_bound]" time="0.001" /><testcase classname="tests.channels.test_recipient_binding" name="test_non_bindable_claim_state_rejects[settlement_ready]" time="0.001" /><testcase classname="tests.channels.test_recipient_binding" name="test_non_bindable_claim_state_rejects[settled]" time="0.000" /><testcase classname="tests.channels.test_recipient_binding" name="test_non_bindable_claim_state_rejects[expired]" time="0.000" /><testcase classname="tests.channels.test_recipient_binding" name="test_non_bindable_claim_state_rejects[revoked]" time="0.001" /><testcase classname="tests.channels.test_recipient_binding" name="test_non_bindable_claim_state_rejects[blocked]" time="0.000" /><testcase classname="tests.channels.test_recipient_binding" name="test_expired_claim_rejects_before_signature_verification" time="0.001" /><testcase classname="tests.channels.test_recipient_binding" name="test_each_signature_is_independently_required[claim_key_signature-invalid_claim_signature]" time="0.001" /><testcase classname="tests.channels.test_recipient_binding" name="test_each_signature_is_independently_required[destination_wallet_signature-invalid_destination_signature]" time="0.001" /><testcase classname="tests.channels.test_recipient_binding" name="test_signature_verifier_error_fails_closed" time="0.001" /><testcase classname="tests.channels.test_recipient_binding" name="test_destination_substitution_with_rehashed_payload_still_needs_both_signatures" time="0.001" /><testcase classname="tests.channels.test_recipient_binding" name="test_ledger_persists_across_restart_and_nonce_is_one_use" time="0.026" /><testcase classname="tests.channels.test_recipient_binding" name="test_concurrent_initial_binding_has_exactly_one_effect" time="0.033" /><testcase classname="tests.channels.test_recipient_binding" name="test_full_signed_domains_do_not_alias_in_persistent_journal" time="0.031" /><testcase classname="tests.channels.test_recipient_binding" name="test_concurrent_distinct_candidates_in_same_full_domain_have_one_effect" time="0.038" /><testcase classname="tests.channels.test_recipient_binding" name="test_json_safe_integer_maximum_is_schema_runtime_and_storage_valid[epoch]" time="0.024" /><testcase classname="tests.channels.test_recipient_binding" name="test_json_safe_integer_maximum_is_schema_runtime_and_storage_valid[binding_nonce]" time="0.024" /><testcase classname="tests.channels.test_recipient_binding" name="test_published_non_json_safe_integer_vectors_are_schema_and_runtime_rejected" time="0.002" /><testcase classname="tests.channels.test_recipient_binding" name="test_connections_close_after_success_rejection_read_and_windows_unlink" time="0.026" /><testcase classname="tests.channels.test_recipient_binding" name="test_domain_hash_covers_complete_signed_authority_context" time="0.001" /><testcase classname="tests.channels.test_recipient_binding" name="test_schema_rejects_rebind_and_unsigned_extension" time="0.001" /><testcase classname="tests.channels.test_settlement" name="test_partial_and_full_settlement_requests_validate" time="0.001" /><testcase classname="tests.channels.test_settlement" name="test_request_tampering_and_bounds_reject[mutation0-zero_settlement]" time="0.001" /><testcase classname="tests.channels.test_settlement" name="test_request_tampering_and_bounds_reject[mutation1-over_settlement]" time="0.001" /><testcase classname="tests.channels.test_settlement" name="test_request_tampering_and_bounds_reject[mutation2-snapshot_context_mismatch]" time="0.001" /><testcase classname="tests.channels.test_settlement" name="test_request_tampering_and_bounds_reject[mutation3-snapshot_context_mismatch]" time="0.001" /><testcase classname="tests.channels.test_settlement" name="test_request_tampering_and_bounds_reject[mutation4-snapshot_context_mismatch]" time="0.001" /><testcase classname="tests.channels.test_settlement" name="test_request_tampering_and_bounds_reject[mutation5-snapshot_context_mismatch]" time="0.001" /><testcase classname="tests.channels.test_settlement" name="test_request_tampering_and_bounds_reject[mutation6-request_expired]" time="0.001" /><testcase classname="tests.channels.test_settlement" name="test_request_tampering_and_bounds_reject[mutation7-request_outlives_channel]" time="0.001" /><testcase classname="tests.channels.test_settlement" name="test_request_tampering_and_bounds_reject[mutation8-snapshot_tampering]" time="0.001" /><testcase classname="tests.channels.test_settlement" name="test_settlement_above_vault_rejects_even_with_larger_activated_total" time="0.001" /><testcase classname="tests.channels.test_settlement" name="test_duplicate_request_is_idempotent_but_changed_bytes_conflict" time="0.036" /><testcase classname="tests.channels.test_settlement" name="test_two_process_same_request_create_one_logical_record" time="0.044" /><testcase classname="tests.channels.test_settlement" name="test_two_process_same_key_different_requests_conflict" time="0.031" /><testcase classname="tests.channels.test_settlement" name="test_concurrent_partial_reservations_cannot_exceed_activated_right" time="0.032" /><testcase classname="tests.channels.test_settlement" name="test_full_and_partial_concurrent_reservations_preserve_aggregate_bound" time="0.037" /><testcase classname="tests.channels.test_settlement" name="test_exact_execution_commitment_and_authorization_are_persisted" time="0.083" /><testcase classname="tests.channels.test_settlement" name="test_commitment_tampering_and_wrong_signer_reject" time="0.067" /><testcase classname="tests.channels.test_settlement" name="test_technical_confirmation_is_not_economic_completion" time="0.104" /><testcase classname="tests.channels.test_settlement" name="test_tampered_technical_receipt_never_completes" time="0.097" /><testcase classname="tests.channels.test_settlement" name="test_definitive_executor_rejection_is_not_unknown" time="0.092" /><testcase classname="tests.channels.test_settlement" name="test_lost_response_restart_recovers_signature_without_second_submit" time="0.125" /><testcase classname="tests.channels.test_settlement" name="test_unknown_and_repeated_recovery_remain_blocked" time="0.116" /><testcase classname="tests.channels.test_settlement" name="test_recovery_rejects_executor_not_bound_by_commitment" time="0.094" /><testcase classname="tests.channels.test_settlement" name="test_recovery_rejects_uncorrelated_status_response" time="0.106" /><testcase classname="tests.channels.test_settlement" name="test_provider_divergence_is_disputed" time="0.105" /><testcase classname="tests.channels.test_settlement" name="test_disputed_settlement_keeps_economic_reservation" time="0.104" /><testcase classname="tests.channels.test_settlement" name="test_reconciliation_requires_explicit_independent_verifier" time="0.097" /><testcase classname="tests.channels.test_settlement" name="test_reconciliation_mismatch_never_completes[changes0]" time="0.111" /><testcase classname="tests.channels.test_settlement" name="test_reconciliation_mismatch_never_completes[changes1]" time="0.105" /><testcase classname="tests.channels.test_settlement" name="test_reconciliation_mismatch_never_completes[changes2]" time="0.118" /><testcase classname="tests.channels.test_settlement" name="test_reconciliation_mismatch_never_completes[changes3]" time="0.108" /><testcase classname="tests.channels.test_settlement" name="test_two_observation_providers_must_agree" time="0.115" /><testcase classname="tests.channels.test_settlement" name="test_two_matching_observation_providers_can_reconcile" time="0.100" /><testcase classname="tests.channels.test_settlement" name="test_reconciliation_context_substitution_never_completes[channel_id-other_channel]" time="0.110" /><testcase classname="tests.channels.test_settlement" name="test_reconciliation_context_substitution_never_completes[epoch-1]" time="0.105" /><testcase classname="tests.channels.test_settlement" name="test_reconciliation_context_substitution_never_completes[mint-9zsJvRFTxAG5sBuXhjMDZkgWb9oqQbK8gDywo7mUMNKb]" time="0.105" /><testcase classname="tests.channels.test_settlement" name="test_reconciliation_context_substitution_never_completes[transaction_signature-different_signature]" time="0.108" /><testcase classname="tests.channels.test_settlement" name="test_successful_reconciliation_is_idempotent_and_hashed" time="0.111" /><testcase classname="tests.channels.test_settlement" name="test_restart_before_submission_preserves_authorization_and_zero_intents" time="0.101" /><testcase classname="tests.channels.test_settlement" name="test_expired_authorization_fails_before_submit_intent" time="0.077" /><testcase classname="tests.channels.test_settlement" name="test_stale_snapshot_after_completed_settlement_rejects" time="0.110" /><testcase classname="tests.channels.test_settlement" name="test_observation_hash_tampering_rejects" time="0.094" /><testcase classname="tests.channels.test_settlement" name="test_draft_schema_accepts_all_reference_runtime_objects" time="0.230" /><testcase classname="tests.channels.test_settlement" name="test_journal_records_confirming_before_reconciling" time="0.097" /><testcase classname="tests.channels.test_settlement" name="test_sqlite_connections_close_deterministically" time="0.039" /><testcase classname="tests.channels.test_settlement" name="test_runtime_source_has_no_rpc_wallet_solana_sdk_or_exactly_once_claim" time="0.021" /><testcase classname="tests.channels.test_voucher" name="test_positive_vector_has_normative_canonical_hash" time="0.001" /><testcase classname="tests.channels.test_voucher" name="test_schema_and_runtime_share_u64_domain" time="0.002" /><testcase classname="tests.channels.test_voucher" name="test_verifier_binds_signature_to_exact_canonical_payload" time="0.001" /><testcase classname="tests.channels.test_voucher" name="test_mutated_payload_with_stale_hash_rejects" time="0.001" /><testcase classname="tests.channels.test_voucher" name="test_invalid_signature_rejects" time="0.001" /><testcase classname="tests.channels.test_voucher" name="test_replay_across_every_context_dimension_rejects[environment-mainnet]" time="0.001" /><testcase classname="tests.channels.test_voucher" name="test_replay_across_every_context_dimension_rejects[network-solana:mainnet]" time="0.001" /><testcase classname="tests.channels.test_voucher" name="test_replay_across_every_context_dimension_rejects[genesis_hash-11111111111111111111111111111111]" time="0.001" /><testcase classname="tests.channels.test_voucher" name="test_replay_across_every_context_dimension_rejects[program_id-11111111111111111111111111111111]" time="0.001" /><testcase classname="tests.channels.test_voucher" name="test_replay_across_every_context_dimension_rejects[channel_id-other_channel]" time="0.001" /><testcase classname="tests.channels.test_voucher" name="test_replay_across_every_context_dimension_rejects[channel_account-11111111111111111111111111111111]" time="0.002" /><testcase classname="tests.channels.test_voucher" name="test_replay_across_every_context_dimension_rejects[epoch-1]" time="0.001" /><testcase classname="tests.channels.test_voucher" name="test_replay_across_every_context_dimension_rejects[sender-11111111111111111111111111111111]" time="0.001" /><testcase classname="tests.channels.test_voucher" name="test_replay_across_every_context_dimension_rejects[recipient_claim_pubkey-11111111111111111111111111111111]" time="0.001" /><testcase classname="tests.channels.test_voucher" name="test_replay_across_every_context_dimension_rejects[mint-11111111111111111111111111111111]" time="0.001" /><testcase classname="tests.channels.test_voucher" name="test_signed_object_domain_is_explicit_and_not_reusable" time="0.001" /><testcase classname="tests.channels.test_voucher" name="test_shared_negative_voucher_vectors_have_stable_errors[1]" time="0.001" /><testcase classname="tests.channels.test_voucher" name="test_shared_negative_voucher_vectors_have_stable_errors[2]" time="0.001" /><testcase classname="tests.channels.test_voucher" name="test_shared_negative_voucher_vectors_have_stable_errors[3]" time="0.001" /><testcase classname="tests.channels.test_voucher" name="test_shared_negative_voucher_vectors_have_stable_errors[4]" time="0.001" /><testcase classname="tests.channels.test_voucher" name="test_shared_negative_voucher_vectors_have_stable_errors[5]" time="0.001" /><testcase classname="tests.channels.test_voucher" name="test_shared_negative_voucher_vectors_have_stable_errors[6]" time="0.001" /><testcase classname="tests.channels.test_voucher" name="test_shared_negative_voucher_vectors_have_stable_errors[7]" time="0.001" /><testcase classname="tests.channels.test_voucher" name="test_shared_negative_voucher_vectors_have_stable_errors[13]" time="0.001" /><testcase classname="tests.channels.test_voucher" name="test_wrong_previous_activated_hash_rejects" time="0.001" /><testcase classname="tests.channels.test_voucher" name="test_stale_sequence_and_decreasing_total_reject" time="0.001" /><testcase classname="tests.channels.test_voucher" name="test_equal_cumulative_total_is_non_decreasing" time="0.001" /><testcase classname="tests.channels.test_voucher" name="test_context_activated_hash_must_match_zero_or_nonzero_state" time="0.001" /><testcase classname="tests.channels.test_voucher" name="test_first_sequenced_voucher_cannot_authorize_zero" time="0.002" /><testcase classname="tests.channels.test_voucher" name="test_funding_policy_and_expiry_guards" time="0.001" /><testcase classname="tests.channels.test_voucher" name="test_ledger_persists_only_non_authoritative_states" time="0.048" /><testcase classname="tests.channels.test_voucher" name="test_rejection_is_durable_and_has_no_monotonic_effect" time="0.272" /><testcase classname="tests.channels.test_voucher" name="test_signature_verifier_failure_is_retryable_not_terminal" time="0.682" /><testcase classname="tests.channels.test_voucher" name="test_activation_request_revalidates_expiry_and_current_context" time="0.047" /><testcase classname="tests.channels.test_voucher" name="test_activation_request_rejects_changed_authoritative_context" time="0.038" /><testcase classname="tests.channels.test_voucher" name="test_activation_request_reverifies_persisted_sender_signature" time="0.045" /><testcase classname="tests.channels.test_voucher" name="test_activation_signature_provider_failure_is_retryable" time="0.045" /><testcase classname="tests.channels.test_voucher" name="test_journal_time_never_regresses" time="0.034" /><testcase classname="tests.channels.test_voucher" name="test_ledger_enforces_monotonic_issued_sequence_and_total" time="0.041" /><testcase classname="tests.channels.test_voucher" name="test_ledger_monotonicity_is_partitioned_by_full_domain" time="0.147" /><testcase classname="tests.channels.test_voucher" name="test_submission_id_is_idempotent_but_cannot_rebind_bytes" time="0.026" /><testcase classname="tests.channels.test_voucher" name="test_concurrent_verification_never_regresses_latest_issued_state" time="0.056" /><testcase classname="tests.channels.test_voucher" name="test_activation_request_requires_verified_state" time="0.025" /><testcase classname="tests.channels.test_voucher" name="test_sqlite_connections_close_deterministically" time="0.029" /><testcase classname="tests.chaos.test_real_process_matrix" name="test_matrix_contains_nine_cross_boundary_scenarios" time="0.001"><skipped type="pytest.skip" message="SA-CHAOS-001 checkout is unavailable">C:\tmp\foundry-pay-fc-proto-006\tests\chaos\test_real_process_matrix.py:28: SA-CHAOS-001 checkout is unavailable</skipped></testcase><testcase classname="tests.chaos.test_real_process_matrix" name="test_kill_before_claim_proves_zero_broadcasts" time="0.001"><skipped type="pytest.skip" message="SA-CHAOS-001 checkout is unavailable">C:\tmp\foundry-pay-fc-proto-006\tests\chaos\test_real_process_matrix.py:44: SA-CHAOS-001 checkout is unavailable</skipped></testcase><testcase classname="tests.chaos.test_real_process_matrix" name="test_kill_after_intent_is_unknown_without_rpc_call" time="0.000"><skipped type="pytest.skip" message="SA-CHAOS-001 checkout is unavailable">C:\tmp\foundry-pay-fc-proto-006\tests\chaos\test_real_process_matrix.py:53: SA-CHAOS-001 checkout is unavailable</skipped></testcase><testcase classname="tests.chaos.test_real_process_matrix" name="test_accepted_send_recovers_confirmed_without_rebroadcast[kill_during_send_transaction]" time="0.000"><skipped type="pytest.skip" message="SA-CHAOS-001 checkout is unavailable">C:\tmp\foundry-pay-fc-proto-006\tests\chaos\test_real_process_matrix.py:63: SA-CHAOS-001 checkout is unavailable</skipped></testcase><testcase classname="tests.chaos.test_real_process_matrix" name="test_accepted_send_recovers_confirmed_without_rebroadcast[response_lost_after_acceptance]" time="0.000"><skipped type="pytest.skip" message="SA-CHAOS-001 checkout is unavailable">C:\tmp\foundry-pay-fc-proto-006\tests\chaos\test_real_process_matrix.py:63: SA-CHAOS-001 checkout is unavailable</skipped></testcase><testcase classname="tests.chaos.test_real_process_matrix" name="test_definitive_rejection_is_not_unknown" time="0.000"><skipped type="pytest.skip" message="SA-CHAOS-001 checkout is unavailable">C:\tmp\foundry-pay-fc-proto-006\tests\chaos\test_real_process_matrix.py:83: SA-CHAOS-001 checkout is unavailable</skipped></testcase><testcase classname="tests.chaos.test_real_process_matrix" name="test_not_found_after_expiry_still_requires_reconciliation" time="0.000"><skipped type="pytest.skip" message="SA-CHAOS-001 checkout is unavailable">C:\tmp\foundry-pay-fc-proto-006\tests\chaos\test_real_process_matrix.py:93: SA-CHAOS-001 checkout is unavailable</skipped></testcase><testcase classname="tests.chaos.test_real_process_matrix" name="test_replay_after_restart_reuses_response_and_never_sends_again" time="0.000"><skipped type="pytest.skip" message="SA-CHAOS-001 checkout is unavailable">C:\tmp\foundry-pay-fc-proto-006\tests\chaos\test_real_process_matrix.py:104: SA-CHAOS-001 checkout is unavailable</skipped></testcase><testcase classname="tests.chaos.test_real_process_matrix" name="test_two_gateway_processes_produce_one_claim_and_one_send" time="0.000"><skipped type="pytest.skip" message="SA-CHAOS-001 checkout is unavailable">C:\tmp\foundry-pay-fc-proto-006\tests\chaos\test_real_process_matrix.py:116: SA-CHAOS-001 checkout is unavailable</skipped></testcase><testcase classname="tests.chaos.test_real_process_matrix" name="test_unavailable_l2_is_pending_then_converges_with_history" time="0.000"><skipped type="pytest.skip" message="SA-CHAOS-001 checkout is unavailable">C:\tmp\foundry-pay-fc-proto-006\tests\chaos\test_real_process_matrix.py:137: SA-CHAOS-001 checkout is unavailable</skipped></testcase><testcase classname="tests.chaos.test_real_process_matrix" name="test_no_scenario_persists_private_material_or_second_send" time="0.000"><skipped type="pytest.skip" message="SA-CHAOS-001 checkout is unavailable">C:\tmp\foundry-pay-fc-proto-006\tests\chaos\test_real_process_matrix.py:152: SA-CHAOS-001 checkout is unavailable</skipped></testcase><testcase classname="tests.chaos.test_real_process_matrix" name="test_committed_journal_root_binds_every_scenario_and_demo" time="0.005" /><testcase classname="tests.chaos.test_real_process_matrix" name="test_evidence_sanitizer_hashes_public_wire_values" time="0.000" /><testcase classname="tests.chaos.test_real_process_matrix" name="test_committed_evidence_contains_no_raw_base58_wire_values" time="0.005" /><testcase classname="tests.chaos.test_rpc_proxy_process" name="test_proxy_forwards_and_persists_independent_counters" time="0.700" /><testcase classname="tests.chaos.test_rpc_proxy_process" name="test_proxy_drops_response_only_after_upstream_acceptance" time="0.724" /><testcase classname="tests.chaos.test_rpc_proxy_process" name="test_definitive_rejection_never_reaches_upstream" time="0.600" /><testcase classname="tests.examples.test_local_proof" name="test_local_proof_is_executable_from_a_clean_checkout" time="0.121" /><testcase classname="tests.failures.test_failure_matrix" name="test_matrix_contains_every_required_failure" time="0.261" /><testcase classname="tests.failures.test_failure_matrix" name="test_lost_response_recovers_persisted_effect_once" time="0.000" /><testcase classname="tests.failures.test_failure_matrix" name="test_restart_before_signature_proves_no_broadcast" time="0.000" /><testcase classname="tests.failures.test_failure_matrix" name="test_restart_after_signature_preserves_exact_signature" time="0.000" /><testcase classname="tests.failures.test_failure_matrix" name="test_rpc_unavailability_stays_pending_without_retry" time="0.000" /><testcase classname="tests.failures.test_failure_matrix" name="test_unknown_broadcast_rejects_automatic_retry" time="0.000" /><testcase classname="tests.failures.test_failure_matrix" name="test_expired_blockhash_requires_new_prepare_before_any_broadcast" time="0.000" /><testcase classname="tests.failures.test_failure_matrix" name="test_known_rpc_rejection_is_distinct_from_unknown" time="0.000" /><testcase classname="tests.failures.test_failure_matrix" name="test_repeated_recovery_never_broadcasts_again" time="0.000" /><testcase classname="tests.failures.test_failure_matrix" name="test_l1_l2_divergence_opens_dispute_without_rewriting_execution" time="0.000" /><testcase classname="tests.failures.test_failure_matrix" name="test_signature_event_always_precedes_broadcast_intent" time="0.000" /><testcase classname="tests.failures.test_failure_matrix" name="test_crash_after_broadcast_intent_is_conservatively_unknown" time="0.034" /><testcase classname="tests.failures.test_failure_matrix" name="test_unknown_outcome_remains_blocked_after_blockhash_expiry" time="0.041" /><testcase classname="tests.failures.test_failure_matrix" name="test_event_chain_tampering_is_detected" time="0.023" /><testcase classname="tests.failures.test_failure_matrix" name="test_obligation_cannot_be_rematerialized_while_registered" time="0.018" /><testcase classname="tests.failures.test_failure_matrix" name="test_generated_evidence_manifest_binds_every_scenario" time="0.268" /><testcase classname="tests.failures.test_failure_matrix" name="test_committed_evidence_manifest_hashes_every_report" time="0.004" /><testcase classname="tests.protocol.test_canonicalization" name="test_economic_hash_is_order_independent" time="0.001" /><testcase classname="tests.protocol.test_canonicalization" name="test_rejects_noncanonical_domain_values[amount_base_units-01]" time="0.000" /><testcase classname="tests.protocol.test_canonicalization" name="test_rejects_noncanonical_domain_values[amount_base_units-1000000]" time="0.001" /><testcase classname="tests.protocol.test_canonicalization" name="test_rejects_noncanonical_domain_values[amount_base_units-0]" time="0.000" /><testcase classname="tests.protocol.test_canonicalization" name="test_rejects_noncanonical_domain_values[network-solana-devnet]" time="0.000" /><testcase classname="tests.protocol.test_canonicalization" name="test_rejects_noncanonical_domain_values[capability-spl_transfer]" time="0.000" /><testcase classname="tests.protocol.test_canonicalization" name="test_rejects_noncanonical_domain_values[expires_at-2026-07-23T18:00:00+00:00]" time="0.000" /><testcase classname="tests.protocol.test_canonicalization" name="test_rejects_unknown_and_null_fields" time="0.000" /><testcase classname="tests.protocol.test_canonicalization" name="test_prepared_message_hash_binds_exact_bytes" time="0.000" /><testcase classname="tests.protocol.test_canonicalization" name="test_execution_commitment_binds_plan_message_and_simulation" time="0.001" /><testcase classname="tests.protocol.test_canonicalization" name="test_rejects_floats_in_signed_constraints" time="0.001" /><testcase classname="tests.protocol.test_canonicalization" name="test_rejects_unsupported_numbers_and_null" time="0.000" /><testcase classname="tests.protocol.test_canonicalization" name="test_array_order_is_material" time="0.001" /><testcase classname="tests.protocol.test_canonicalization" name="test_single_field_tampering_changes_economic_hash" time="0.001" /><testcase classname="tests.protocol.test_canonicalization" name="test_unicode_is_not_normalized_silently" time="0.001" /><testcase classname="tests.protocol.test_conformance_vectors" name="test_protocol_v1_vector" time="0.001" /><testcase classname="tests.protocol.test_conformance_vectors" name="test_shared_negative_vectors_fail" time="0.002" /><testcase classname="tests.protocol.test_conformance_vectors" name="test_live_solana_agent_commitment_matches_corrected_v1" time="0.001" /><testcase classname="tests.protocol.test_fake_executor" name="test_prepare_binds_exact_materialized_message" time="0.026" /><testcase classname="tests.protocol.test_fake_executor" name="test_valid_single_use_authorization_executes_once" time="0.033" /><testcase classname="tests.protocol.test_fake_executor" name="test_invalid_authorization_fails_before_effect[2026-07-23T17:00:00Z-2026-07-23T17:29:59Z-True]" time="0.023" /><testcase classname="tests.protocol.test_fake_executor" name="test_invalid_authorization_fails_before_effect[2026-07-23T17:31:00Z-2026-07-23T17:40:00Z-False]" time="0.022" /><testcase classname="tests.protocol.test_fake_executor" name="test_invalid_authorization_fails_before_effect[2026-07-23T17:31:00Z-2026-07-23T17:51:00Z-True]" time="0.023" /><testcase classname="tests.protocol.test_fake_executor" name="test_tampering_and_validly_signed_mismatch_fail_before_effect" time="0.024" /><testcase classname="tests.protocol.test_fake_executor" name="test_idempotency_conflict_rejects_changed_plan" time="0.024" /><testcase classname="tests.protocol.test_fake_executor" name="test_persisted_message_tampering_fails_before_effect" time="0.029" /><testcase classname="tests.protocol.test_fake_executor" name="test_persisted_obligation_rebinding_fails_before_effect" time="0.031" /><testcase classname="tests.protocol.test_fake_executor" name="test_lost_response_recovers_durably_without_duplicate_effect" time="0.037" /><testcase classname="tests.protocol.test_fake_executor" name="test_recovery_rejects_tampered_receipt" time="0.035" /><testcase classname="tests.protocol.test_schema" name="test_external_execution_request_matches_protocol_schema" time="0.030" /><testcase classname="tests.protocol.test_schema" name="test_schema_rejects_unknown_signed_property" time="0.035" /><testcase classname="tests.reconciliation.test_reconciliation_protocol" name="test_live_fp_e2e_backfills_to_hashed_schema_valid_l1" time="0.002" /><testcase classname="tests.reconciliation.test_reconciliation_protocol" name="test_committed_live_l2_bundle_is_valid_and_approved" time="0.007" /><testcase classname="tests.reconciliation.test_reconciliation_protocol" name="test_hash_ignores_property_order_but_detects_single_field_tamper" time="0.001" /><testcase classname="tests.reconciliation.test_reconciliation_protocol" name="test_diverse_agreeing_l2_upgrades_independent_verification" time="0.001" /><testcase classname="tests.reconciliation.test_reconciliation_protocol" name="test_same_provider_or_endpoint_cannot_count_as_l2" time="0.001" /><testcase classname="tests.reconciliation.test_reconciliation_protocol" name="test_observation_cannot_self_assert_registered_source_metadata" time="0.001" /><testcase classname="tests.reconciliation.test_reconciliation_protocol" name="test_qualifying_l3_upgrades_without_blocking_on_l2" time="0.001" /><testcase classname="tests.reconciliation.test_reconciliation_protocol" name="test_material_disagreement_opens_dispute_without_reversing_confirmation" time="0.001" /><testcase classname="tests.reconciliation.test_reconciliation_protocol" name="test_unavailable_l2_remains_pending" time="0.001" /><testcase classname="tests.reconciliation.test_reconciliation_protocol" name="test_l2_without_l1_does_not_become_reconciled" time="0.001" /><testcase classname="tests.reconciliation.test_reconciliation_protocol" name="test_adapter_hashes_raw_provider_response_and_normalizes_snapshot" time="0.001" /><testcase classname="tests.reconciliation.test_reconciliation_protocol" name="test_inconsistent_balance_observation_is_rejected[source_account_after-100000001]" time="0.001" /><testcase classname="tests.reconciliation.test_reconciliation_protocol" name="test_inconsistent_balance_observation_is_rejected[destination_account_after-999999]" time="0.001" /><testcase classname="tests.reconciliation.test_reconciliation_protocol" name="test_inconsistent_balance_observation_is_rejected[observed_amount_base_units-999999]" time="0.001" /><testcase classname="tests.reconciliation.test_reconciliation_protocol" name="test_impossible_utc_calendar_timestamp_is_rejected" time="0.001" /><testcase classname="tests.reconciliation.test_solana_rpc_reader" name="test_rpc_reader_builds_snapshot_from_independent_wire_responses" time="0.001" /><testcase classname="tests.reconciliation.test_solana_rpc_reader" name="test_rpc_reader_fails_closed_on_incomplete_provider_data[&lt;lambda&gt;-no transaction]" time="0.001" /><testcase classname="tests.reconciliation.test_solana_rpc_reader" name="test_rpc_reader_fails_closed_on_incomplete_provider_data[&lt;lambda&gt;-unavailable]" time="0.001" /><testcase classname="tests.reconciliation.test_solana_rpc_reader" name="test_rpc_reader_fails_closed_on_incomplete_provider_data[&lt;lambda&gt;-RPC error]" time="0.001" /><testcase classname="tests.signer.test_exact_message_signer" name="test_live_authorization_signs_only_exact_prepared_bytes" time="0.019" /><testcase classname="tests.signer.test_exact_message_signer" name="test_any_changed_message_byte_is_rejected_before_signing" time="0.009" /><testcase classname="tests.signer.test_exact_message_signer" name="test_resigned_authorization_cannot_broaden_prepared_bindings[execution_request_id-exec_other_001-execution_request_id binding]" time="0.009" /><testcase classname="tests.signer.test_exact_message_signer" name="test_resigned_authorization_cannot_broaden_prepared_bindings[execution_commitment_hash-sha256:1111111111111111111111111111111111111111111111111111111111111111-execution_commitment_hash binding]" time="0.009" /><testcase classname="tests.signer.test_exact_message_signer" name="test_resigned_authorization_cannot_broaden_prepared_bindings[prepared_message_hash-sha256:2222222222222222222222222222222222222222222222222222222222222222-prepared_message_hash binding]" time="0.010" /><testcase classname="tests.signer.test_exact_message_signer" name="test_resigned_authorization_cannot_broaden_prepared_bindings[signer-11111111111111111111111111111111-targets a different signer]" time="0.010" /><testcase classname="tests.signer.test_exact_message_signer" name="test_invalid_authorization_signature_never_reaches_signer" time="0.010" /><testcase classname="tests.signer.test_exact_message_signer" name="test_invalid_validity_never_reaches_signer[changes0-SignerExpired-None]" time="0.009" /><testcase classname="tests.signer.test_exact_message_signer" name="test_invalid_validity_never_reaches_signer[changes1-SignerInvalid-future]" time="0.009" /><testcase classname="tests.signer.test_exact_message_signer" name="test_invalid_validity_never_reaches_signer[changes2-SignerInvalid-single-use]" time="0.009" /><testcase classname="tests.signer.test_exact_message_signer" name="test_consumption_and_replay_protection_survive_restart" time="0.019" /><testcase classname="tests.signer.test_exact_message_signer" name="test_unknown_provider_outcome_requires_recovery_and_is_not_retried" time="0.018" /><testcase classname="tests.signer.test_exact_message_signer" name="test_concurrent_use_reaches_signer_once" time="0.020" /><testcase classname="tests.signer.test_exact_message_signer" name="test_service_exposes_no_raw_key_rpc_or_broadcast_capability" time="0.001" /></testsuite></testsuites>