<?xml version="1.0" encoding="utf-8"?><testsuites name="pytest tests"><testsuite name="pytest" errors="0" failures="0" skipped="0" tests="8" time="0.172" timestamp="2026-07-28T11:57:41.472744-03:00" hostname="DESKTOP-NU6CT1J"><testcase classname="tests.channels.solana.instructions.test_instruction_contract" name="test_eight_atomic_instruction_contracts_are_closed" time="0.002" /><testcase classname="tests.channels.solana.instructions.test_instruction_contract" name="test_account_contracts_close_authority_and_token_boundary" time="0.001" /><testcase classname="tests.channels.solana.instructions.test_instruction_contract" name="test_ed25519_offsets_and_program_are_exact" time="0.000" /><testcase classname="tests.channels.solana.instructions.test_instruction_contract" name="test_lifecycle_is_derived_without_layout_change" time="0.000" /><testcase classname="tests.channels.solana.instructions.test_instruction_contract" name="test_negative_vectors_project_no_transition_or_success_event" time="0.000" /><testcase classname="tests.channels.solana.instructions.test_instruction_contract" name="test_instruction_bytes_and_registry_hashes_reproduce" time="0.001" /><testcase classname="tests.channels.solana.instructions.test_instruction_contract" name="test_events_are_facts_not_business_outcomes" time="0.000" /><testcase classname="tests.channels.solana.instructions.test_instruction_contract" name="test_rust_contract_crate_passes_locked_suite" time="0.140" /></testsuite></testsuites>